{"meta": {"format": 3, "version": "7.11.0", "timestamp": "2025-12-24T15:24:33.623986", "branch_coverage": true, "show_contexts": false}, "files": {"src/surinort_ast/__init__.py": {"executed_lines": [1, 13, 25, 36, 43, 51], "summary": {"covered_lines": 5, "num_statements": 5, "percent_covered": 100.0, "percent_covered_display": "100.00", "missing_lines": 0, "excluded_lines": 0, "num_branches": 0, "num_partial_branches": 0, "covered_branches": 0, "missing_branches": 0}, "missing_lines": [], "excluded_lines": [], "executed_branches": [], "missing_branches": [], "functions": {"": {"executed_lines": [1, 13, 25, 36, 43, 51], "summary": {"covered_lines": 5, "num_statements": 5, "percent_covered": 100.0, "percent_covered_display": "100.00", "missing_lines": 0, "excluded_lines": 0, "num_branches": 0, "num_partial_branches": 0, "covered_branches": 0, "missing_branches": 0}, "missing_lines": [], "excluded_lines": [], "executed_branches": [], "missing_branches": []}}, "classes": {"": {"executed_lines": [1, 13, 25, 36, 43, 51], "summary": {"covered_lines": 5, "num_statements": 5, "percent_covered": 100.0, "percent_covered_display": "100.00", "missing_lines": 0, "excluded_lines": 0, "num_branches": 0, "num_partial_branches": 0, "covered_branches": 0, "missing_branches": 0}, "missing_lines": [], "excluded_lines": [], "executed_branches": [], "missing_branches": []}}}, "src/surinort_ast/analysis/__init__.py": {"executed_lines": [1, 11, 12, 13, 14, 21], "summary": {"covered_lines": 5, "num_statements": 5, "percent_covered": 100.0, "percent_covered_display": "100.00", "missing_lines": 0, "excluded_lines": 0, "num_branches": 0, "num_partial_branches": 0, "covered_branches": 0, "missing_branches": 0}, "missing_lines": [], "excluded_lines": [], "executed_branches": [], "missing_branches": [], "functions": {"": {"executed_lines": [1, 11, 12, 13, 14, 21], "summary": {"covered_lines": 5, "num_statements": 5, "percent_covered": 100.0, "percent_covered_display": "100.00", "missing_lines": 0, "excluded_lines": 0, "num_branches": 0, "num_partial_branches": 0, "covered_branches": 0, "missing_branches": 0}, "missing_lines": [], "excluded_lines": [], "executed_branches": [], "missing_branches": []}}, "classes": {"": {"executed_lines": [1, 11, 12, 13, 14, 21], "summary": {"covered_lines": 5, "num_statements": 5, "percent_covered": 100.0, "percent_covered_display": "100.00", "missing_lines": 0, "excluded_lines": 0, "num_branches": 0, "num_partial_branches": 0, "covered_branches": 0, "missing_branches": 0}, "missing_lines": [], "excluded_lines": [], "executed_branches": [], "missing_branches": []}}}, "src/surinort_ast/analysis/conflicts_outline.py": {"executed_lines": [], "summary": {"covered_lines": 0, "num_statements": 151, "percent_covered": 0.0, "percent_covered_display": "0.00", "missing_lines": 151, "excluded_lines": 27, "num_branches": 6, "num_partial_branches": 0, "covered_branches": 0, "missing_branches": 6}, "missing_lines": [14, 16, 17, 18, 19, 20, 21, 23, 24, 30, 37, 45, 46, 47, 48, 49, 52, 59, 60, 61, 62, 63, 71, 72, 86, 87, 88, 89, 90, 91, 92, 94, 105, 107, 119, 121, 123, 125, 128, 129, 145, 146, 147, 148, 149, 150, 151, 153, 163, 165, 177, 178, 192, 193, 204, 205, 206, 223, 224, 225, 226, 227, 228, 229, 230, 233, 234, 248, 249, 250, 251, 252, 253, 254, 262, 270, 272, 279, 313, 322, 324, 339, 340, 349, 351, 368, 369, 384, 385, 401, 402, 418, 419, 434, 435, 444, 446, 462, 463, 473, 475, 491, 492, 505, 506, 515, 517, 532, 533, 546, 552, 563, 573, 574, 575, 576, 600, 601, 618, 619, 620, 621, 622, 623, 625, 626, 628, 633, 646, 647, 648, 656, 696, 697, 721, 727, 734, 736, 738, 740, 742, 744, 747, 760, 761, 776, 777, 790, 791, 804, 809], "excluded_lines": [281, 282, 283, 284, 285, 286, 287, 288, 289, 290, 291, 292, 293, 294, 295, 296, 297, 298, 299, 300, 301, 302, 303, 304, 305, 306, 307], "executed_branches": [], "missing_branches": [[121, 123], [121, 125], [619, 620], [619, 626], [621, 622], [621, 625]], "functions": {"Conflict.to_dict": {"executed_lines": [], "summary": {"covered_lines": 0, "num_statements": 1, "percent_covered": 0.0, "percent_covered_display": "0.00", "missing_lines": 1, "excluded_lines": 0, "num_branches": 0, "num_partial_branches": 0, "covered_branches": 0, "missing_branches": 0}, "missing_lines": [105], "excluded_lines": [], "executed_branches": [], "missing_branches": []}, "Conflict.to_text": {"executed_lines": [], "summary": {"covered_lines": 0, "num_statements": 4, "percent_covered": 0.0, "percent_covered_display": "0.00", "missing_lines": 4, "excluded_lines": 0, "num_branches": 2, "num_partial_branches": 0, "covered_branches": 0, "missing_branches": 2}, "missing_lines": [119, 121, 123, 125], "excluded_lines": [], "executed_branches": [], "missing_branches": [[121, 123], [121, 125]]}, "ConflictReport.to_dict": {"executed_lines": [], "summary": {"covered_lines": 0, "num_statements": 1, "percent_covered": 0.0, "percent_covered_display": "0.00", "missing_lines": 1, "excluded_lines": 0, "num_branches": 0, "num_partial_branches": 0, "covered_branches": 0, "missing_branches": 0}, "missing_lines": [163], "excluded_lines": [], "executed_branches": [], "missing_branches": []}, "ConflictReport.to_json": {"executed_lines": [], "summary": {"covered_lines": 0, "num_statements": 1, "percent_covered": 0.0, "percent_covered_display": "0.00", "missing_lines": 1, "excluded_lines": 0, "num_branches": 0, "num_partial_branches": 0, "covered_branches": 0, "missing_branches": 0}, "missing_lines": [177], "excluded_lines": [], "executed_branches": [], "missing_branches": []}, "ConflictReport.to_text": {"executed_lines": [], "summary": {"covered_lines": 0, "num_statements": 1, "percent_covered": 0.0, "percent_covered_display": "0.00", "missing_lines": 1, "excluded_lines": 0, "num_branches": 0, "num_partial_branches": 0, "covered_branches": 0, "missing_branches": 0}, "missing_lines": [192], "excluded_lines": [], "executed_branches": [], "missing_branches": []}, "ConflictReport.to_markdown": {"executed_lines": [], "summary": {"covered_lines": 0, "num_statements": 1, "percent_covered": 0.0, "percent_covered_display": "0.00", "missing_lines": 1, "excluded_lines": 0, "num_branches": 0, "num_partial_branches": 0, "covered_branches": 0, "missing_branches": 0}, "missing_lines": [204], "excluded_lines": [], "executed_branches": [], "missing_branches": []}, "BaseConflictDetector.__init__": {"executed_lines": [], "summary": {"covered_lines": 0, "num_statements": 1, "percent_covered": 0.0, "percent_covered_display": "0.00", "missing_lines": 1, "excluded_lines": 0, "num_branches": 0, "num_partial_branches": 0, "covered_branches": 0, "missing_branches": 0}, "missing_lines": [279], "excluded_lines": [], "executed_branches": [], "missing_branches": []}, "BaseConflictDetector.detect": {"executed_lines": [], "summary": {"covered_lines": 0, "num_statements": 0, "percent_covered": 100.0, "percent_covered_display": "100.00", "missing_lines": 0, "excluded_lines": 11, "num_branches": 0, "num_partial_branches": 0, "covered_branches": 0, "missing_branches": 0}, "missing_lines": [], "excluded_lines": [283, 284, 285, 286, 287, 288, 289, 290, 291, 292, 293], "executed_branches": [], "missing_branches": []}, "BaseConflictDetector._should_ignore_rule": {"executed_lines": [], "summary": {"covered_lines": 0, "num_statements": 0, "percent_covered": 100.0, "percent_covered_display": "100.00", "missing_lines": 0, "excluded_lines": 12, "num_branches": 0, "num_partial_branches": 0, "covered_branches": 0, "missing_branches": 0}, "missing_lines": [], "excluded_lines": [296, 297, 298, 299, 300, 301, 302, 303, 304, 305, 306, 307], "executed_branches": [], "missing_branches": []}, "DuplicateSIDDetector.detect": {"executed_lines": [], "summary": {"covered_lines": 0, "num_statements": 1, "percent_covered": 0.0, "percent_covered_display": "0.00", "missing_lines": 1, "excluded_lines": 0, "num_branches": 0, "num_partial_branches": 0, "covered_branches": 0, "missing_branches": 0}, "missing_lines": [339], "excluded_lines": [], "executed_branches": [], "missing_branches": []}, "ShadowingDetector.detect": {"executed_lines": [], "summary": {"covered_lines": 0, "num_statements": 1, "percent_covered": 0.0, "percent_covered_display": "0.00", "missing_lines": 1, "excluded_lines": 0, "num_branches": 0, "num_partial_branches": 0, "covered_branches": 0, "missing_branches": 0}, "missing_lines": [368], "excluded_lines": [], "executed_branches": [], "missing_branches": []}, "ShadowingDetector._compute_specificity": {"executed_lines": [], "summary": {"covered_lines": 0, "num_statements": 1, "percent_covered": 0.0, "percent_covered_display": "0.00", "missing_lines": 1, "excluded_lines": 0, "num_branches": 0, "num_partial_branches": 0, "covered_branches": 0, "missing_branches": 0}, "missing_lines": [384], "excluded_lines": [], "executed_branches": [], "missing_branches": []}, "ShadowingDetector._is_shadowed": {"executed_lines": [], "summary": {"covered_lines": 0, "num_statements": 1, "percent_covered": 0.0, "percent_covered_display": "0.00", "missing_lines": 1, "excluded_lines": 0, "num_branches": 0, "num_partial_branches": 0, "covered_branches": 0, "missing_branches": 0}, "missing_lines": [401], "excluded_lines": [], "executed_branches": [], "missing_branches": []}, "ShadowingDetector._address_subsumes": {"executed_lines": [], "summary": {"covered_lines": 0, "num_statements": 1, "percent_covered": 0.0, "percent_covered_display": "0.00", "missing_lines": 1, "excluded_lines": 0, "num_branches": 0, "num_partial_branches": 0, "covered_branches": 0, "missing_branches": 0}, "missing_lines": [418], "excluded_lines": [], "executed_branches": [], "missing_branches": []}, "ShadowingDetector._port_subsumes": {"executed_lines": [], "summary": {"covered_lines": 0, "num_statements": 1, "percent_covered": 0.0, "percent_covered_display": "0.00", "missing_lines": 1, "excluded_lines": 0, "num_branches": 0, "num_partial_branches": 0, "covered_branches": 0, "missing_branches": 0}, "missing_lines": [434], "excluded_lines": [], "executed_branches": [], "missing_branches": []}, "FlowbitsDependencyDetector.detect": {"executed_lines": [], "summary": {"covered_lines": 0, "num_statements": 1, "percent_covered": 0.0, "percent_covered_display": "0.00", "missing_lines": 1, "excluded_lines": 0, "num_branches": 0, "num_partial_branches": 0, "covered_branches": 0, "missing_branches": 0}, "missing_lines": [462], "excluded_lines": [], "executed_branches": [], "missing_branches": []}, "OverlappingSignatureDetector.detect": {"executed_lines": [], "summary": {"covered_lines": 0, "num_statements": 1, "percent_covered": 0.0, "percent_covered_display": "0.00", "missing_lines": 1, "excluded_lines": 0, "num_branches": 0, "num_partial_branches": 0, "covered_branches": 0, "missing_branches": 0}, "missing_lines": [491], "excluded_lines": [], "executed_branches": [], "missing_branches": []}, "OverlappingSignatureDetector._calculate_overlap": {"executed_lines": [], "summary": {"covered_lines": 0, "num_statements": 1, "percent_covered": 0.0, "percent_covered_display": "0.00", "missing_lines": 1, "excluded_lines": 0, "num_branches": 0, "num_partial_branches": 0, "covered_branches": 0, "missing_branches": 0}, "missing_lines": [505], "excluded_lines": [], "executed_branches": [], "missing_branches": []}, "ConflictingActionDetector.detect": {"executed_lines": [], "summary": {"covered_lines": 0, "num_statements": 1, "percent_covered": 0.0, "percent_covered_display": "0.00", "missing_lines": 1, "excluded_lines": 0, "num_branches": 0, "num_partial_branches": 0, "covered_branches": 0, "missing_branches": 0}, "missing_lines": [532], "excluded_lines": [], "executed_branches": [], "missing_branches": []}, "ConflictingActionDetector._compute_signature_hash": {"executed_lines": [], "summary": {"covered_lines": 0, "num_statements": 1, "percent_covered": 0.0, "percent_covered_display": "0.00", "missing_lines": 1, "excluded_lines": 0, "num_branches": 0, "num_partial_branches": 0, "covered_branches": 0, "missing_branches": 0}, "missing_lines": [546], "excluded_lines": [], "executed_branches": [], "missing_branches": []}, "ConflictDetector.__init__": {"executed_lines": [], "summary": {"covered_lines": 0, "num_statements": 3, "percent_covered": 0.0, "percent_covered_display": "0.00", "missing_lines": 3, "excluded_lines": 0, "num_branches": 0, "num_partial_branches": 0, "covered_branches": 0, "missing_branches": 0}, "missing_lines": [573, 574, 575], "excluded_lines": [], "executed_branches": [], "missing_branches": []}, "ConflictDetector.detect": {"executed_lines": [], "summary": {"covered_lines": 0, "num_statements": 1, "percent_covered": 0.0, "percent_covered_display": "0.00", "missing_lines": 1, "excluded_lines": 0, "num_branches": 0, "num_partial_branches": 0, "covered_branches": 0, "missing_branches": 0}, "missing_lines": [600], "excluded_lines": [], "executed_branches": [], "missing_branches": []}, "ConflictDetector._build_rule_index": {"executed_lines": [], "summary": {"covered_lines": 0, "num_statements": 8, "percent_covered": 0.0, "percent_covered_display": "0.00", "missing_lines": 8, "excluded_lines": 0, "num_branches": 4, "num_partial_branches": 0, "covered_branches": 0, "missing_branches": 4}, "missing_lines": [618, 619, 620, 621, 622, 623, 625, 626], "excluded_lines": [], "executed_branches": [], "missing_branches": [[619, 620], [619, 626], [621, 622], [621, 625]]}, "ConflictDetector._register_detectors": {"executed_lines": [], "summary": {"covered_lines": 0, "num_statements": 0, "percent_covered": 100.0, "percent_covered_display": "100.00", "missing_lines": 0, "excluded_lines": 0, "num_branches": 0, "num_partial_branches": 0, "covered_branches": 0, "missing_branches": 0}, "missing_lines": [], "excluded_lines": [], "executed_branches": [], "missing_branches": []}, "ConflictDetector._filter_conflicts": {"executed_lines": [], "summary": {"covered_lines": 0, "num_statements": 3, "percent_covered": 0.0, "percent_covered_display": "0.00", "missing_lines": 3, "excluded_lines": 0, "num_branches": 0, "num_partial_branches": 0, "covered_branches": 0, "missing_branches": 0}, "missing_lines": [646, 647, 648], "excluded_lines": [], "executed_branches": [], "missing_branches": []}, "detect_conflicts": {"executed_lines": [], "summary": {"covered_lines": 0, "num_statements": 1, "percent_covered": 0.0, "percent_covered_display": "0.00", "missing_lines": 1, "excluded_lines": 0, "num_branches": 0, "num_partial_branches": 0, "covered_branches": 0, "missing_branches": 0}, "missing_lines": [696], "excluded_lines": [], "executed_branches": [], "missing_branches": []}, "filter_conflicts": {"executed_lines": [], "summary": {"covered_lines": 0, "num_statements": 1, "percent_covered": 0.0, "percent_covered_display": "0.00", "missing_lines": 1, "excluded_lines": 0, "num_branches": 0, "num_partial_branches": 0, "covered_branches": 0, "missing_branches": 0}, "missing_lines": [721], "excluded_lines": [], "executed_branches": [], "missing_branches": []}, "SIDExtractor.__init__": {"executed_lines": [], "summary": {"covered_lines": 0, "num_statements": 1, "percent_covered": 0.0, "percent_covered_display": "0.00", "missing_lines": 1, "excluded_lines": 0, "num_branches": 0, "num_partial_branches": 0, "covered_branches": 0, "missing_branches": 0}, "missing_lines": [736], "excluded_lines": [], "executed_branches": [], "missing_branches": []}, "SIDExtractor.visit_SidOption": {"executed_lines": [], "summary": {"covered_lines": 0, "num_statements": 1, "percent_covered": 0.0, "percent_covered_display": "0.00", "missing_lines": 1, "excluded_lines": 0, "num_branches": 0, "num_partial_branches": 0, "covered_branches": 0, "missing_branches": 0}, "missing_lines": [740], "excluded_lines": [], "executed_branches": [], "missing_branches": []}, "SIDExtractor.default_return": {"executed_lines": [], "summary": {"covered_lines": 0, "num_statements": 1, "percent_covered": 0.0, "percent_covered_display": "0.00", "missing_lines": 1, "excluded_lines": 0, "num_branches": 0, "num_partial_branches": 0, "covered_branches": 0, "missing_branches": 0}, "missing_lines": [744], "excluded_lines": [], "executed_branches": [], "missing_branches": []}, "extract_sid": {"executed_lines": [], "summary": {"covered_lines": 0, "num_statements": 1, "percent_covered": 0.0, "percent_covered_display": "0.00", "missing_lines": 1, "excluded_lines": 0, "num_branches": 0, "num_partial_branches": 0, "covered_branches": 0, "missing_branches": 0}, "missing_lines": [760], "excluded_lines": [], "executed_branches": [], "missing_branches": []}, "compute_header_hash": {"executed_lines": [], "summary": {"covered_lines": 0, "num_statements": 1, "percent_covered": 0.0, "percent_covered_display": "0.00", "missing_lines": 1, "excluded_lines": 0, "num_branches": 0, "num_partial_branches": 0, "covered_branches": 0, "missing_branches": 0}, "missing_lines": [776], "excluded_lines": [], "executed_branches": [], "missing_branches": []}, "extract_content_patterns": {"executed_lines": [], "summary": {"covered_lines": 0, "num_statements": 1, "percent_covered": 0.0, "percent_covered_display": "0.00", "missing_lines": 1, "excluded_lines": 0, "num_branches": 0, "num_partial_branches": 0, "covered_branches": 0, "missing_branches": 0}, "missing_lines": [790], "excluded_lines": [], "executed_branches": [], "missing_branches": []}, "extract_flowbits": {"executed_lines": [], "summary": {"covered_lines": 0, "num_statements": 1, "percent_covered": 0.0, "percent_covered_display": "0.00", "missing_lines": 1, "excluded_lines": 0, "num_branches": 0, "num_partial_branches": 0, "covered_branches": 0, "missing_branches": 0}, "missing_lines": [804], "excluded_lines": [], "executed_branches": [], "missing_branches": []}, "": {"executed_lines": [], "summary": {"covered_lines": 0, "num_statements": 106, "percent_covered": 0.0, "percent_covered_display": "0.00", "missing_lines": 106, "excluded_lines": 4, "num_branches": 0, "num_partial_branches": 0, "covered_branches": 0, "missing_branches": 0}, "missing_lines": [14, 16, 17, 18, 19, 20, 21, 23, 24, 30, 37, 45, 46, 47, 48, 49, 52, 59, 60, 61, 62, 63, 71, 72, 86, 87, 88, 89, 90, 91, 92, 94, 107, 128, 129, 145, 146, 147, 148, 149, 150, 151, 153, 165, 178, 193, 205, 206, 223, 224, 225, 226, 227, 228, 229, 230, 233, 234, 248, 249, 250, 251, 252, 253, 254, 262, 270, 272, 313, 322, 324, 340, 349, 351, 369, 385, 402, 419, 435, 444, 446, 463, 473, 475, 492, 506, 515, 517, 533, 552, 563, 576, 601, 628, 633, 656, 697, 727, 734, 738, 742, 747, 761, 777, 791, 809], "excluded_lines": [281, 282, 294, 295], "executed_branches": [], "missing_branches": []}}, "classes": {"ConflictType": {"executed_lines": [], "summary": {"covered_lines": 0, "num_statements": 0, "percent_covered": 100.0, "percent_covered_display": "100.00", "missing_lines": 0, "excluded_lines": 0, "num_branches": 0, "num_partial_branches": 0, "covered_branches": 0, "missing_branches": 0}, "missing_lines": [], "excluded_lines": [], "executed_branches": [], "missing_branches": []}, "Severity": {"executed_lines": [], "summary": {"covered_lines": 0, "num_statements": 0, "percent_covered": 100.0, "percent_covered_display": "100.00", "missing_lines": 0, "excluded_lines": 0, "num_branches": 0, "num_partial_branches": 0, "covered_branches": 0, "missing_branches": 0}, "missing_lines": [], "excluded_lines": [], "executed_branches": [], "missing_branches": []}, "Conflict": {"executed_lines": [], "summary": {"covered_lines": 0, "num_statements": 5, "percent_covered": 0.0, "percent_covered_display": "0.00", "missing_lines": 5, "excluded_lines": 0, "num_branches": 2, "num_partial_branches": 0, "covered_branches": 0, "missing_branches": 2}, "missing_lines": [105, 119, 121, 123, 125], "excluded_lines": [], "executed_branches": [], "missing_branches": [[121, 123], [121, 125]]}, "ConflictReport": {"executed_lines": [], "summary": {"covered_lines": 0, "num_statements": 4, "percent_covered": 0.0, "percent_covered_display": "0.00", "missing_lines": 4, "excluded_lines": 0, "num_branches": 0, "num_partial_branches": 0, "covered_branches": 0, "missing_branches": 0}, "missing_lines": [163, 177, 192, 204], "excluded_lines": [], "executed_branches": [], "missing_branches": []}, "RuleIndex": {"executed_lines": [], "summary": {"covered_lines": 0, "num_statements": 0, "percent_covered": 100.0, "percent_covered_display": "100.00", "missing_lines": 0, "excluded_lines": 0, "num_branches": 0, "num_partial_branches": 0, "covered_branches": 0, "missing_branches": 0}, "missing_lines": [], "excluded_lines": [], "executed_branches": [], "missing_branches": []}, "ConflictDetectorConfig": {"executed_lines": [], "summary": {"covered_lines": 0, "num_statements": 0, "percent_covered": 100.0, "percent_covered_display": "100.00", "missing_lines": 0, "excluded_lines": 0, "num_branches": 0, "num_partial_branches": 0, "covered_branches": 0, "missing_branches": 0}, "missing_lines": [], "excluded_lines": [], "executed_branches": [], "missing_branches": []}, "BaseConflictDetector": {"executed_lines": [], "summary": {"covered_lines": 0, "num_statements": 1, "percent_covered": 0.0, "percent_covered_display": "0.00", "missing_lines": 1, "excluded_lines": 23, "num_branches": 0, "num_partial_branches": 0, "covered_branches": 0, "missing_branches": 0}, "missing_lines": [279], "excluded_lines": [283, 284, 285, 286, 287, 288, 289, 290, 291, 292, 293, 296, 297, 298, 299, 300, 301, 302, 303, 304, 305, 306, 307], "executed_branches": [], "missing_branches": []}, "DuplicateSIDDetector": {"executed_lines": [], "summary": {"covered_lines": 0, "num_statements": 1, "percent_covered": 0.0, "percent_covered_display": "0.00", "missing_lines": 1, "excluded_lines": 0, "num_branches": 0, "num_partial_branches": 0, "covered_branches": 0, "missing_branches": 0}, "missing_lines": [339], "excluded_lines": [], "executed_branches": [], "missing_branches": []}, "ShadowingDetector": {"executed_lines": [], "summary": {"covered_lines": 0, "num_statements": 5, "percent_covered": 0.0, "percent_covered_display": "0.00", "missing_lines": 5, "excluded_lines": 0, "num_branches": 0, "num_partial_branches": 0, "covered_branches": 0, "missing_branches": 0}, "missing_lines": [368, 384, 401, 418, 434], "excluded_lines": [], "executed_branches": [], "missing_branches": []}, "FlowbitsDependencyDetector": {"executed_lines": [], "summary": {"covered_lines": 0, "num_statements": 1, "percent_covered": 0.0, "percent_covered_display": "0.00", "missing_lines": 1, "excluded_lines": 0, "num_branches": 0, "num_partial_branches": 0, "covered_branches": 0, "missing_branches": 0}, "missing_lines": [462], "excluded_lines": [], "executed_branches": [], "missing_branches": []}, "OverlappingSignatureDetector": {"executed_lines": [], "summary": {"covered_lines": 0, "num_statements": 2, "percent_covered": 0.0, "percent_covered_display": "0.00", "missing_lines": 2, "excluded_lines": 0, "num_branches": 0, "num_partial_branches": 0, "covered_branches": 0, "missing_branches": 0}, "missing_lines": [491, 505], "excluded_lines": [], "executed_branches": [], "missing_branches": []}, "ConflictingActionDetector": {"executed_lines": [], "summary": {"covered_lines": 0, "num_statements": 2, "percent_covered": 0.0, "percent_covered_display": "0.00", "missing_lines": 2, "excluded_lines": 0, "num_branches": 0, "num_partial_branches": 0, "covered_branches": 0, "missing_branches": 0}, "missing_lines": [532, 546], "excluded_lines": [], "executed_branches": [], "missing_branches": []}, "ConflictDetector": {"executed_lines": [], "summary": {"covered_lines": 0, "num_statements": 15, "percent_covered": 0.0, "percent_covered_display": "0.00", "missing_lines": 15, "excluded_lines": 0, "num_branches": 4, "num_partial_branches": 0, "covered_branches": 0, "missing_branches": 4}, "missing_lines": [573, 574, 575, 600, 618, 619, 620, 621, 622, 623, 625, 626, 646, 647, 648], "excluded_lines": [], "executed_branches": [], "missing_branches": [[619, 620], [619, 626], [621, 622], [621, 625]]}, "SIDExtractor": {"executed_lines": [], "summary": {"covered_lines": 0, "num_statements": 3, "percent_covered": 0.0, "percent_covered_display": "0.00", "missing_lines": 3, "excluded_lines": 0, "num_branches": 0, "num_partial_branches": 0, "covered_branches": 0, "missing_branches": 0}, "missing_lines": [736, 740, 744], "excluded_lines": [], "executed_branches": [], "missing_branches": []}, "": {"executed_lines": [], "summary": {"covered_lines": 0, "num_statements": 112, "percent_covered": 0.0, "percent_covered_display": "0.00", "missing_lines": 112, "excluded_lines": 4, "num_branches": 0, "num_partial_branches": 0, "covered_branches": 0, "missing_branches": 0}, "missing_lines": [14, 16, 17, 18, 19, 20, 21, 23, 24, 30, 37, 45, 46, 47, 48, 49, 52, 59, 60, 61, 62, 63, 71, 72, 86, 87, 88, 89, 90, 91, 92, 94, 107, 128, 129, 145, 146, 147, 148, 149, 150, 151, 153, 165, 178, 193, 205, 206, 223, 224, 225, 226, 227, 228, 229, 230, 233, 234, 248, 249, 250, 251, 252, 253, 254, 262, 270, 272, 313, 322, 324, 340, 349, 351, 369, 385, 402, 419, 435, 444, 446, 463, 473, 475, 492, 506, 515, 517, 533, 552, 563, 576, 601, 628, 633, 656, 696, 697, 721, 727, 734, 738, 742, 747, 760, 761, 776, 777, 790, 791, 804, 809], "excluded_lines": [281, 282, 294, 295], "executed_branches": [], "missing_branches": []}}}, "src/surinort_ast/analysis/coverage.py": {"executed_lines": [1, 12, 14, 15, 16, 17, 19, 20, 36, 37, 38, 48, 49, 50, 51, 53, 55, 63, 64, 65, 79, 80, 81, 82, 83, 84, 85, 86, 88, 90, 107, 109, 120, 123, 124, 127, 136, 137, 138, 139, 140, 141, 144, 145, 148, 149, 152, 153, 156, 157, 160, 161, 162, 165, 166, 169, 170, 171, 172, 173, 174, 176, 178, 180, 192, 195, 196, 199, 209, 210, 218, 219, 220, 221, 224, 232, 235, 236, 239, 248, 251, 252, 255, 256, 267, 270, 271, 274, 275, 276, 277, 278, 279, 280, 281, 282, 284, 292, 293, 308, 331, 333, 334, 335, 336, 337, 339, 356, 357, 358, 359, 360, 363, 364, 367, 370, 374, 378, 389, 392, 395, 398, 401, 402, 404, 405, 408, 409, 410, 412, 422, 424, 425, 426, 428, 429, 431, 432, 433, 434, 435, 436, 437, 438, 441, 443, 445, 447, 458, 459, 460, 462, 463, 465, 466, 469, 489, 490, 491, 493, 495, 505, 507, 508, 511, 512, 513, 514, 515, 525, 526, 527, 529, 530, 531, 532, 534, 535, 544, 545, 554, 555, 565, 566, 567, 569, 571, 572, 582, 583, 584, 586, 588, 589, 598, 606, 608, 630, 633], "summary": {"covered_lines": 195, "num_statements": 196, "percent_covered": 97.14285714285714, "percent_covered_display": "97.14", "missing_lines": 1, "excluded_lines": 0, "num_branches": 84, "num_partial_branches": 7, "covered_branches": 77, "missing_branches": 7}, "missing_lines": [440], "excluded_lines": [], "executed_branches": [[120, 123], [120, 127], [136, 137], [139, 140], [139, 144], [145, 148], [145, 152], [153, 156], [153, 160], [160, 161], [162, 165], [162, 169], [169, 170], [171, 172], [171, 176], [192, 195], [192, 199], [209, 210], [209, 224], [218, 219], [218, 221], [232, 235], [232, 239], [248, 251], [248, 255], [255, 256], [267, 270], [267, 274], [274, 275], [274, 284], [276, 277], [276, 284], [363, 364], [363, 367], [404, 405], [404, 408], [409, -389], [409, 410], [424, 425], [424, 426], [426, 428], [426, 435], [431, 432], [433, 434], [433, 445], [435, 436], [435, 438], [436, 437], [436, 445], [438, 441], [441, 443], [459, 460], [459, 465], [460, 459], [460, 462], [465, 466], [465, 469], [489, 490], [489, 493], [490, 489], [490, 491], [507, 508], [507, 511], [511, 512], [511, 525], [512, 511], [512, 513], [534, 535], [534, 544], [544, 545], [544, 554], [554, 555], [554, 565], [571, 572], [571, 582], [588, 589], [588, 598]], "missing_branches": [[136, 144], [160, 169], [169, 176], [255, 274], [431, 445], [438, 440], [441, 445]], "functions": {"CoverageGap.to_dict": {"executed_lines": [55], "summary": {"covered_lines": 1, "num_statements": 1, "percent_covered": 100.0, "percent_covered_display": "100.00", "missing_lines": 0, "excluded_lines": 0, "num_branches": 0, "num_partial_branches": 0, "covered_branches": 0, "missing_branches": 0}, "missing_lines": [], "excluded_lines": [], "executed_branches": [], "missing_branches": []}, "CoverageReport.to_dict": {"executed_lines": [90], "summary": {"covered_lines": 1, "num_statements": 1, "percent_covered": 100.0, "percent_covered_display": "100.00", "missing_lines": 0, "excluded_lines": 0, "num_branches": 0, "num_partial_branches": 0, "covered_branches": 0, "missing_branches": 0}, "missing_lines": [], "excluded_lines": [], "executed_branches": [], "missing_branches": []}, "CoverageReport.to_text": {"executed_lines": [109, 120, 123, 124, 127, 136, 137, 138, 139, 140, 141, 144, 145, 148, 149, 152, 153, 156, 157, 160, 161, 162, 165, 166, 169, 170, 171, 172, 173, 174, 176], "summary": {"covered_lines": 31, "num_statements": 31, "percent_covered": 93.87755102040816, "percent_covered_display": "93.88", "missing_lines": 0, "excluded_lines": 0, "num_branches": 18, "num_partial_branches": 3, "covered_branches": 15, "missing_branches": 3}, "missing_lines": [], "excluded_lines": [], "executed_branches": [[120, 123], [120, 127], [136, 137], [139, 140], [139, 144], [145, 148], [145, 152], [153, 156], [153, 160], [160, 161], [162, 165], [162, 169], [169, 170], [171, 172], [171, 176]], "missing_branches": [[136, 144], [160, 169], [169, 176]]}, "CoverageReport.to_markdown": {"executed_lines": [180, 192, 195, 196, 199, 209, 210, 218, 219, 220, 221, 224, 232, 235, 236, 239, 248, 251, 252, 255, 256, 267, 270, 271, 274, 275, 276, 277, 278, 279, 280, 281, 282, 284], "summary": {"covered_lines": 34, "num_statements": 34, "percent_covered": 98.07692307692308, "percent_covered_display": "98.08", "missing_lines": 0, "excluded_lines": 0, "num_branches": 18, "num_partial_branches": 1, "covered_branches": 17, "missing_branches": 1}, "missing_lines": [], "excluded_lines": [], "executed_branches": [[192, 195], [192, 199], [209, 210], [209, 224], [218, 219], [218, 221], [232, 235], [232, 239], [248, 251], [248, 255], [255, 256], [267, 270], [267, 274], [274, 275], [274, 284], [276, 277], [276, 284]], "missing_branches": [[255, 274]]}, "CoverageAnalyzer.__init__": {"executed_lines": [333, 334, 335, 336, 337], "summary": {"covered_lines": 5, "num_statements": 5, "percent_covered": 100.0, "percent_covered_display": "100.00", "missing_lines": 0, "excluded_lines": 0, "num_branches": 0, "num_partial_branches": 0, "covered_branches": 0, "missing_branches": 0}, "missing_lines": [], "excluded_lines": [], "executed_branches": [], "missing_branches": []}, "CoverageAnalyzer.analyze": {"executed_lines": [356, 357, 358, 359, 360, 363, 364, 367, 370, 374, 378], "summary": {"covered_lines": 11, "num_statements": 11, "percent_covered": 100.0, "percent_covered_display": "100.00", "missing_lines": 0, "excluded_lines": 0, "num_branches": 2, "num_partial_branches": 0, "covered_branches": 2, "missing_branches": 0}, "missing_lines": [], "excluded_lines": [], "executed_branches": [[363, 364], [363, 367]], "missing_branches": []}, "CoverageAnalyzer._analyze_rule": {"executed_lines": [392, 395, 398, 401, 402, 404, 405, 408, 409, 410], "summary": {"covered_lines": 10, "num_statements": 10, "percent_covered": 100.0, "percent_covered_display": "100.00", "missing_lines": 0, "excluded_lines": 0, "num_branches": 4, "num_partial_branches": 0, "covered_branches": 4, "missing_branches": 0}, "missing_lines": [], "excluded_lines": [], "executed_branches": [[404, 405], [404, 408], [409, -389], [409, 410]], "missing_branches": []}, "CoverageAnalyzer._extract_ports": {"executed_lines": [422, 424, 425, 426, 428, 429, 431, 432, 433, 434, 435, 436, 437, 438, 441, 443, 445], "summary": {"covered_lines": 17, "num_statements": 18, "percent_covered": 88.23529411764706, "percent_covered_display": "88.24", "missing_lines": 1, "excluded_lines": 0, "num_branches": 16, "num_partial_branches": 3, "covered_branches": 13, "missing_branches": 3}, "missing_lines": [440], "excluded_lines": [], "executed_branches": [[424, 425], [424, 426], [426, 428], [426, 435], [431, 432], [433, 434], [433, 445], [435, 436], [435, 438], [436, 437], [436, 445], [438, 441], [441, 443]], "missing_branches": [[431, 445], [438, 440], [441, 445]]}, "CoverageAnalyzer._classify_content_type": {"executed_lines": [458, 459, 460, 462, 463, 465, 466, 469, 489, 490, 491, 493], "summary": {"covered_lines": 12, "num_statements": 12, "percent_covered": 100.0, "percent_covered_display": "100.00", "missing_lines": 0, "excluded_lines": 0, "num_branches": 10, "num_partial_branches": 0, "covered_branches": 10, "missing_branches": 0}, "missing_lines": [], "excluded_lines": [], "executed_branches": [[459, 460], [459, 465], [460, 459], [460, 462], [465, 466], [465, 469], [489, 490], [489, 493], [490, 489], [490, 491]], "missing_branches": []}, "CoverageAnalyzer._find_gaps": {"executed_lines": [505, 507, 508, 511, 512, 513, 514, 515, 525, 526, 527, 529, 530, 531, 532, 534, 535, 544, 545, 554, 555, 565, 566, 567, 569, 571, 572, 582, 583, 584, 586, 588, 589, 598], "summary": {"covered_lines": 34, "num_statements": 34, "percent_covered": 100.0, "percent_covered_display": "100.00", "missing_lines": 0, "excluded_lines": 0, "num_branches": 16, "num_partial_branches": 0, "covered_branches": 16, "missing_branches": 0}, "missing_lines": [], "excluded_lines": [], "executed_branches": [[507, 508], [507, 511], [511, 512], [511, 525], [512, 511], [512, 513], [534, 535], [534, 544], [544, 545], [544, 554], [554, 555], [554, 565], [571, 572], [571, 582], [588, 589], [588, 598]], "missing_branches": []}, "_get_port_name": {"executed_lines": [608, 630], "summary": {"covered_lines": 2, "num_statements": 2, "percent_covered": 100.0, "percent_covered_display": "100.00", "missing_lines": 0, "excluded_lines": 0, "num_branches": 0, "num_partial_branches": 0, "covered_branches": 0, "missing_branches": 0}, "missing_lines": [], "excluded_lines": [], "executed_branches": [], "missing_branches": []}, "": {"executed_lines": [1, 12, 14, 15, 16, 17, 19, 20, 36, 37, 38, 48, 49, 50, 51, 53, 63, 64, 65, 79, 80, 81, 82, 83, 84, 85, 86, 88, 107, 178, 292, 293, 308, 331, 339, 389, 412, 447, 495, 606, 633], "summary": {"covered_lines": 37, "num_statements": 37, "percent_covered": 100.0, "percent_covered_display": "100.00", "missing_lines": 0, "excluded_lines": 0, "num_branches": 0, "num_partial_branches": 0, "covered_branches": 0, "missing_branches": 0}, "missing_lines": [], "excluded_lines": [], "executed_branches": [], "missing_branches": []}}, "classes": {"CoverageGap": {"executed_lines": [55], "summary": {"covered_lines": 1, "num_statements": 1, "percent_covered": 100.0, "percent_covered_display": "100.00", "missing_lines": 0, "excluded_lines": 0, "num_branches": 0, "num_partial_branches": 0, "covered_branches": 0, "missing_branches": 0}, "missing_lines": [], "excluded_lines": [], "executed_branches": [], "missing_branches": []}, "CoverageReport": {"executed_lines": [90, 109, 120, 123, 124, 127, 136, 137, 138, 139, 140, 141, 144, 145, 148, 149, 152, 153, 156, 157, 160, 161, 162, 165, 166, 169, 170, 171, 172, 173, 174, 176, 180, 192, 195, 196, 199, 209, 210, 218, 219, 220, 221, 224, 232, 235, 236, 239, 248, 251, 252, 255, 256, 267, 270, 271, 274, 275, 276, 277, 278, 279, 280, 281, 282, 284], "summary": {"covered_lines": 66, "num_statements": 66, "percent_covered": 96.07843137254902, "percent_covered_display": "96.08", "missing_lines": 0, "excluded_lines": 0, "num_branches": 36, "num_partial_branches": 4, "covered_branches": 32, "missing_branches": 4}, "missing_lines": [], "excluded_lines": [], "executed_branches": [[120, 123], [120, 127], [136, 137], [139, 140], [139, 144], [145, 148], [145, 152], [153, 156], [153, 160], [160, 161], [162, 165], [162, 169], [169, 170], [171, 172], [171, 176], [192, 195], [192, 199], [209, 210], [209, 224], [218, 219], [218, 221], [232, 235], [232, 239], [248, 251], [248, 255], [255, 256], [267, 270], [267, 274], [274, 275], [274, 284], [276, 277], [276, 284]], "missing_branches": [[136, 144], [160, 169], [169, 176], [255, 274]]}, "CoverageAnalyzer": {"executed_lines": [333, 334, 335, 336, 337, 356, 357, 358, 359, 360, 363, 364, 367, 370, 374, 378, 392, 395, 398, 401, 402, 404, 405, 408, 409, 410, 422, 424, 425, 426, 428, 429, 431, 432, 433, 434, 435, 436, 437, 438, 441, 443, 445, 458, 459, 460, 462, 463, 465, 466, 469, 489, 490, 491, 493, 505, 507, 508, 511, 512, 513, 514, 515, 525, 526, 527, 529, 530, 531, 532, 534, 535, 544, 545, 554, 555, 565, 566, 567, 569, 571, 572, 582, 583, 584, 586, 588, 589, 598], "summary": {"covered_lines": 89, "num_statements": 90, "percent_covered": 97.10144927536231, "percent_covered_display": "97.10", "missing_lines": 1, "excluded_lines": 0, "num_branches": 48, "num_partial_branches": 3, "covered_branches": 45, "missing_branches": 3}, "missing_lines": [440], "excluded_lines": [], "executed_branches": [[363, 364], [363, 367], [404, 405], [404, 408], [409, -389], [409, 410], [424, 425], [424, 426], [426, 428], [426, 435], [431, 432], [433, 434], [433, 445], [435, 436], [435, 438], [436, 437], [436, 445], [438, 441], [441, 443], [459, 460], [459, 465], [460, 459], [460, 462], [465, 466], [465, 469], [489, 490], [489, 493], [490, 489], [490, 491], [507, 508], [507, 511], [511, 512], [511, 525], [512, 511], [512, 513], [534, 535], [534, 544], [544, 545], [544, 554], [554, 555], [554, 565], [571, 572], [571, 582], [588, 589], [588, 598]], "missing_branches": [[431, 445], [438, 440], [441, 445]]}, "": {"executed_lines": [1, 12, 14, 15, 16, 17, 19, 20, 36, 37, 38, 48, 49, 50, 51, 53, 63, 64, 65, 79, 80, 81, 82, 83, 84, 85, 86, 88, 107, 178, 292, 293, 308, 331, 339, 389, 412, 447, 495, 606, 608, 630, 633], "summary": {"covered_lines": 39, "num_statements": 39, "percent_covered": 100.0, "percent_covered_display": "100.00", "missing_lines": 0, "excluded_lines": 0, "num_branches": 0, "num_partial_branches": 0, "covered_branches": 0, "missing_branches": 0}, "missing_lines": [], "excluded_lines": [], "executed_branches": [], "missing_branches": []}}}, "src/surinort_ast/analysis/estimator.py": {"executed_lines": [1, 12, 14, 16, 20, 21, 33, 74, 87, 97, 112, 115, 117, 118, 121, 123, 124, 126, 127, 129, 131, 132, 135, 138, 139, 140, 142, 144, 146, 156, 157, 161, 162, 163, 164, 165, 167, 177, 181, 182, 183, 184, 185, 188, 189, 190, 193, 194, 196, 198, 208, 211, 212, 213, 214, 218, 219, 221, 223, 224, 226, 228, 231, 232, 233, 234, 236, 238, 253, 254, 256, 259, 261, 274, 275, 277, 278, 283, 286, 287, 289, 291, 306, 308, 309, 310, 312, 313, 315, 317], "summary": {"covered_lines": 87, "num_statements": 89, "percent_covered": 96.89922480620154, "percent_covered_display": "96.90", "missing_lines": 2, "excluded_lines": 2, "num_branches": 40, "num_partial_branches": 2, "covered_branches": 38, "missing_branches": 2}, "missing_lines": [215, 257], "excluded_lines": [16, 17], "executed_branches": [[117, 118], [117, 144], [121, 123], [121, 135], [123, 124], [123, 126], [138, 139], [138, 140], [140, 117], [140, 142], [161, 162], [161, 163], [163, 164], [163, 165], [182, 183], [182, 184], [184, 185], [184, 188], [189, 190], [189, 196], [212, 213], [212, 214], [214, 218], [218, 219], [218, 221], [221, 223], [221, 226], [226, 228], [226, 231], [232, 233], [232, 236], [256, 259], [277, 278], [277, 289], [308, 309], [308, 317], [312, 313], [312, 315]], "missing_branches": [[214, 215], [256, 257]], "functions": {"PerformanceEstimator.estimate_cost": {"executed_lines": [112, 115, 117, 118, 121, 123, 124, 126, 127, 129, 131, 132, 135, 138, 139, 140, 142, 144], "summary": {"covered_lines": 18, "num_statements": 18, "percent_covered": 100.0, "percent_covered_display": "100.00", "missing_lines": 0, "excluded_lines": 0, "num_branches": 10, "num_partial_branches": 0, "covered_branches": 10, "missing_branches": 0}, "missing_lines": [], "excluded_lines": [], "executed_branches": [[117, 118], [117, 144], [121, 123], [121, 135], [123, 124], [123, 126], [138, 139], [138, 140], [140, 117], [140, 142]], "missing_branches": []}, "PerformanceEstimator._estimate_option_cost": {"executed_lines": [156, 157, 161, 162, 163, 164, 165], "summary": {"covered_lines": 7, "num_statements": 7, "percent_covered": 100.0, "percent_covered_display": "100.00", "missing_lines": 0, "excluded_lines": 0, "num_branches": 4, "num_partial_branches": 0, "covered_branches": 4, "missing_branches": 0}, "missing_lines": [], "excluded_lines": [], "executed_branches": [[161, 162], [161, 163], [163, 164], [163, 165]], "missing_branches": []}, "PerformanceEstimator._estimate_content_cost": {"executed_lines": [177, 181, 182, 183, 184, 185, 188, 189, 190, 193, 194, 196], "summary": {"covered_lines": 12, "num_statements": 12, "percent_covered": 100.0, "percent_covered_display": "100.00", "missing_lines": 0, "excluded_lines": 0, "num_branches": 6, "num_partial_branches": 0, "covered_branches": 6, "missing_branches": 0}, "missing_lines": [], "excluded_lines": [], "executed_branches": [[182, 183], [182, 184], [184, 185], [184, 188], [189, 190], [189, 196]], "missing_branches": []}, "PerformanceEstimator._estimate_pcre_cost": {"executed_lines": [208, 211, 212, 213, 214, 218, 219, 221, 223, 224, 226, 228, 231, 232, 233, 234, 236], "summary": {"covered_lines": 17, "num_statements": 18, "percent_covered": 93.33333333333333, "percent_covered_display": "93.33", "missing_lines": 1, "excluded_lines": 0, "num_branches": 12, "num_partial_branches": 1, "covered_branches": 11, "missing_branches": 1}, "missing_lines": [215], "excluded_lines": [], "executed_branches": [[212, 213], [212, 214], [214, 218], [218, 219], [218, 221], [221, 223], [221, 226], [226, 228], [226, 231], [232, 233], [232, 236]], "missing_branches": [[214, 215]]}, "PerformanceEstimator.estimate_improvement": {"executed_lines": [253, 254, 256, 259], "summary": {"covered_lines": 4, "num_statements": 5, "percent_covered": 71.42857142857143, "percent_covered_display": "71.43", "missing_lines": 1, "excluded_lines": 0, "num_branches": 2, "num_partial_branches": 1, "covered_branches": 1, "missing_branches": 1}, "missing_lines": [257], "excluded_lines": [], "executed_branches": [[256, 259]], "missing_branches": [[256, 257]]}, "PerformanceEstimator.estimate_position_penalty": {"executed_lines": [274, 275, 277, 278, 283, 286, 287, 289], "summary": {"covered_lines": 8, "num_statements": 8, "percent_covered": 100.0, "percent_covered_display": "100.00", "missing_lines": 0, "excluded_lines": 0, "num_branches": 2, "num_partial_branches": 0, "covered_branches": 2, "missing_branches": 0}, "missing_lines": [], "excluded_lines": [], "executed_branches": [[277, 278], [277, 289]], "missing_branches": []}, "PerformanceEstimator.get_cost_breakdown": {"executed_lines": [306, 308, 309, 310, 312, 313, 315, 317], "summary": {"covered_lines": 8, "num_statements": 8, "percent_covered": 100.0, "percent_covered_display": "100.00", "missing_lines": 0, "excluded_lines": 0, "num_branches": 4, "num_partial_branches": 0, "covered_branches": 4, "missing_branches": 0}, "missing_lines": [], "excluded_lines": [], "executed_branches": [[308, 309], [308, 317], [312, 313], [312, 315]], "missing_branches": []}, "": {"executed_lines": [1, 12, 14, 16, 20, 21, 33, 74, 87, 97, 146, 167, 198, 238, 261, 291], "summary": {"covered_lines": 13, "num_statements": 13, "percent_covered": 100.0, "percent_covered_display": "100.00", "missing_lines": 0, "excluded_lines": 2, "num_branches": 0, "num_partial_branches": 0, "covered_branches": 0, "missing_branches": 0}, "missing_lines": [], "excluded_lines": [16, 17], "executed_branches": [], "missing_branches": []}}, "classes": {"PerformanceEstimator": {"executed_lines": [112, 115, 117, 118, 121, 123, 124, 126, 127, 129, 131, 132, 135, 138, 139, 140, 142, 144, 156, 157, 161, 162, 163, 164, 165, 177, 181, 182, 183, 184, 185, 188, 189, 190, 193, 194, 196, 208, 211, 212, 213, 214, 218, 219, 221, 223, 224, 226, 228, 231, 232, 233, 234, 236, 253, 254, 256, 259, 274, 275, 277, 278, 283, 286, 287, 289, 306, 308, 309, 310, 312, 313, 315, 317], "summary": {"covered_lines": 74, "num_statements": 76, "percent_covered": 96.55172413793103, "percent_covered_display": "96.55", "missing_lines": 2, "excluded_lines": 0, "num_branches": 40, "num_partial_branches": 2, "covered_branches": 38, "missing_branches": 2}, "missing_lines": [215, 257], "excluded_lines": [], "executed_branches": [[117, 118], [117, 144], [121, 123], [121, 135], [123, 124], [123, 126], [138, 139], [138, 140], [140, 117], [140, 142], [161, 162], [161, 163], [163, 164], [163, 165], [182, 183], [182, 184], [184, 185], [184, 188], [189, 190], [189, 196], [212, 213], [212, 214], [214, 218], [218, 219], [218, 221], [221, 223], [221, 226], [226, 228], [226, 231], [232, 233], [232, 236], [256, 259], [277, 278], [277, 289], [308, 309], [308, 317], [312, 313], [312, 315]], "missing_branches": [[214, 215], [256, 257]]}, "": {"executed_lines": [1, 12, 14, 16, 20, 21, 33, 74, 87, 97, 146, 167, 198, 238, 261, 291], "summary": {"covered_lines": 13, "num_statements": 13, "percent_covered": 100.0, "percent_covered_display": "100.00", "missing_lines": 0, "excluded_lines": 2, "num_branches": 0, "num_partial_branches": 0, "covered_branches": 0, "missing_branches": 0}, "missing_lines": [], "excluded_lines": [16, 17], "executed_branches": [], "missing_branches": []}}}, "src/surinort_ast/analysis/lsh.py": {"executed_lines": [1, 11, 13, 14, 16, 19, 20, 38, 55, 56, 58, 61, 63, 64, 65, 66, 67, 68, 70, 71, 74, 75, 76, 79, 80, 81, 84, 89, 91, 103, 105, 118, 119, 121, 122, 124, 126, 127, 128, 129, 130, 132, 134, 147, 150, 153, 154, 155, 156, 158, 174, 177, 178, 179, 182, 183, 184, 185, 186, 188, 190, 207, 209, 210, 212, 213, 215, 216, 217, 218, 221, 223, 225, 241, 243, 244, 247, 250, 253, 254, 255, 256, 259, 261, 263, 271, 272, 274, 281, 283, 297, 298, 299, 301, 302, 303, 304, 305, 306, 307, 309, 311], "summary": {"covered_lines": 100, "num_statements": 100, "percent_covered": 98.55072463768116, "percent_covered_display": "98.55", "missing_lines": 0, "excluded_lines": 0, "num_branches": 38, "num_partial_branches": 2, "covered_branches": 36, "missing_branches": 2}, "missing_lines": [], "excluded_lines": [], "executed_branches": [[55, 56], [55, 58], [61, 63], [61, 65], [65, 66], [65, 68], [68, 70], [68, 74], [80, 81], [80, 84], [119, 121], [119, 122], [122, 124], [122, 126], [127, 128], [127, 132], [154, -134], [154, 155], [178, 179], [178, 188], [183, 178], [183, 184], [185, 183], [185, 186], [215, 216], [215, 221], [217, 218], [243, 244], [243, 247], [254, 255], [254, 261], [301, 302], [301, 309], [302, 301], [302, 303], [303, 304]], "missing_branches": [[217, 215], [303, 302]], "functions": {"LSHIndex.__init__": {"executed_lines": [55, 56, 58, 61, 63, 64, 65, 66, 67, 68, 70, 71, 74, 75, 76, 79, 80, 81, 84, 89], "summary": {"covered_lines": 20, "num_statements": 20, "percent_covered": 100.0, "percent_covered_display": "100.00", "missing_lines": 0, "excluded_lines": 0, "num_branches": 10, "num_partial_branches": 0, "covered_branches": 10, "missing_branches": 0}, "missing_lines": [], "excluded_lines": [], "executed_branches": [[55, 56], [55, 58], [61, 63], [61, 65], [65, 66], [65, 68], [68, 70], [68, 74], [80, 81], [80, 84]], "missing_branches": []}, "LSHIndex._hash_band": {"executed_lines": [103], "summary": {"covered_lines": 1, "num_statements": 1, "percent_covered": 100.0, "percent_covered_display": "100.00", "missing_lines": 0, "excluded_lines": 0, "num_branches": 0, "num_partial_branches": 0, "covered_branches": 0, "missing_branches": 0}, "missing_lines": [], "excluded_lines": [], "executed_branches": [], "missing_branches": []}, "LSHIndex._get_bands": {"executed_lines": [118, 119, 121, 122, 124, 126, 127, 128, 129, 130, 132], "summary": {"covered_lines": 11, "num_statements": 11, "percent_covered": 100.0, "percent_covered_display": "100.00", "missing_lines": 0, "excluded_lines": 0, "num_branches": 6, "num_partial_branches": 0, "covered_branches": 6, "missing_branches": 0}, "missing_lines": [], "excluded_lines": [], "executed_branches": [[119, 121], [119, 122], [122, 124], [122, 126], [127, 128], [127, 132]], "missing_branches": []}, "LSHIndex.add": {"executed_lines": [147, 150, 153, 154, 155, 156], "summary": {"covered_lines": 6, "num_statements": 6, "percent_covered": 100.0, "percent_covered_display": "100.00", "missing_lines": 0, "excluded_lines": 0, "num_branches": 2, "num_partial_branches": 0, "covered_branches": 2, "missing_branches": 0}, "missing_lines": [], "excluded_lines": [], "executed_branches": [[154, -134], [154, 155]], "missing_branches": []}, "LSHIndex.query": {"executed_lines": [174, 177, 178, 179, 182, 183, 184, 185, 186, 188], "summary": {"covered_lines": 10, "num_statements": 10, "percent_covered": 100.0, "percent_covered_display": "100.00", "missing_lines": 0, "excluded_lines": 0, "num_branches": 6, "num_partial_branches": 0, "covered_branches": 6, "missing_branches": 0}, "missing_lines": [], "excluded_lines": [], "executed_branches": [[178, 179], [178, 188], [183, 178], [183, 184], [185, 183], [185, 186]], "missing_branches": []}, "LSHIndex.query_with_threshold": {"executed_lines": [207, 209, 210, 212, 213, 215, 216, 217, 218, 221, 223], "summary": {"covered_lines": 11, "num_statements": 11, "percent_covered": 93.33333333333333, "percent_covered_display": "93.33", "missing_lines": 0, "excluded_lines": 0, "num_branches": 4, "num_partial_branches": 1, "covered_branches": 3, "missing_branches": 1}, "missing_lines": [], "excluded_lines": [], "executed_branches": [[215, 216], [215, 221], [217, 218]], "missing_branches": [[217, 215]]}, "LSHIndex.remove": {"executed_lines": [241, 243, 244, 247, 250, 253, 254, 255, 256, 259, 261], "summary": {"covered_lines": 11, "num_statements": 11, "percent_covered": 100.0, "percent_covered_display": "100.00", "missing_lines": 0, "excluded_lines": 0, "num_branches": 4, "num_partial_branches": 0, "covered_branches": 4, "missing_branches": 0}, "missing_lines": [], "excluded_lines": [], "executed_branches": [[243, 244], [243, 247], [254, 255], [254, 261]], "missing_branches": []}, "LSHIndex.clear": {"executed_lines": [271, 272], "summary": {"covered_lines": 2, "num_statements": 2, "percent_covered": 100.0, "percent_covered_display": "100.00", "missing_lines": 0, "excluded_lines": 0, "num_branches": 0, "num_partial_branches": 0, "covered_branches": 0, "missing_branches": 0}, "missing_lines": [], "excluded_lines": [], "executed_branches": [], "missing_branches": []}, "LSHIndex.__len__": {"executed_lines": [281], "summary": {"covered_lines": 1, "num_statements": 1, "percent_covered": 100.0, "percent_covered_display": "100.00", "missing_lines": 0, "excluded_lines": 0, "num_branches": 0, "num_partial_branches": 0, "covered_branches": 0, "missing_branches": 0}, "missing_lines": [], "excluded_lines": [], "executed_branches": [], "missing_branches": []}, "LSHIndex.stats": {"executed_lines": [297, 298, 299, 301, 302, 303, 304, 305, 306, 307, 309, 311], "summary": {"covered_lines": 12, "num_statements": 12, "percent_covered": 94.44444444444444, "percent_covered_display": "94.44", "missing_lines": 0, "excluded_lines": 0, "num_branches": 6, "num_partial_branches": 1, "covered_branches": 5, "missing_branches": 1}, "missing_lines": [], "excluded_lines": [], "executed_branches": [[301, 302], [301, 309], [302, 301], [302, 303], [303, 304]], "missing_branches": [[303, 302]]}, "": {"executed_lines": [1, 11, 13, 14, 16, 19, 20, 38, 91, 105, 134, 158, 190, 225, 263, 274, 283], "summary": {"covered_lines": 15, "num_statements": 15, "percent_covered": 100.0, "percent_covered_display": "100.00", "missing_lines": 0, "excluded_lines": 0, "num_branches": 0, "num_partial_branches": 0, "covered_branches": 0, "missing_branches": 0}, "missing_lines": [], "excluded_lines": [], "executed_branches": [], "missing_branches": []}}, "classes": {"LSHIndex": {"executed_lines": [55, 56, 58, 61, 63, 64, 65, 66, 67, 68, 70, 71, 74, 75, 76, 79, 80, 81, 84, 89, 103, 118, 119, 121, 122, 124, 126, 127, 128, 129, 130, 132, 147, 150, 153, 154, 155, 156, 174, 177, 178, 179, 182, 183, 184, 185, 186, 188, 207, 209, 210, 212, 213, 215, 216, 217, 218, 221, 223, 241, 243, 244, 247, 250, 253, 254, 255, 256, 259, 261, 271, 272, 281, 297, 298, 299, 301, 302, 303, 304, 305, 306, 307, 309, 311], "summary": {"covered_lines": 85, "num_statements": 85, "percent_covered": 98.3739837398374, "percent_covered_display": "98.37", "missing_lines": 0, "excluded_lines": 0, "num_branches": 38, "num_partial_branches": 2, "covered_branches": 36, "missing_branches": 2}, "missing_lines": [], "excluded_lines": [], "executed_branches": [[55, 56], [55, 58], [61, 63], [61, 65], [65, 66], [65, 68], [68, 70], [68, 74], [80, 81], [80, 84], [119, 121], [119, 122], [122, 124], [122, 126], [127, 128], [127, 132], [154, -134], [154, 155], [178, 179], [178, 188], [183, 178], [183, 184], [185, 183], [185, 186], [215, 216], [215, 221], [217, 218], [243, 244], [243, 247], [254, 255], [254, 261], [301, 302], [301, 309], [302, 301], [302, 303], [303, 304]], "missing_branches": [[217, 215], [303, 302]]}, "": {"executed_lines": [1, 11, 13, 14, 16, 19, 20, 38, 91, 105, 134, 158, 190, 225, 263, 274, 283], "summary": {"covered_lines": 15, "num_statements": 15, "percent_covered": 100.0, "percent_covered_display": "100.00", "missing_lines": 0, "excluded_lines": 0, "num_branches": 0, "num_partial_branches": 0, "covered_branches": 0, "missing_branches": 0}, "missing_lines": [], "excluded_lines": [], "executed_branches": [], "missing_branches": []}}}, "src/surinort_ast/analysis/minhash.py": {"executed_lines": [1, 11, 13, 14, 15, 17, 27, 28, 45, 56, 57, 59, 60, 61, 63, 75, 78, 79, 81, 83, 84, 85, 88, 89, 91, 93, 95, 106, 109, 110, 112, 130, 133, 134, 137, 139, 140, 143, 144, 145, 149, 150, 152, 154, 165, 166, 167, 168, 169, 170, 173, 184, 185, 186, 187, 188, 189, 190, 195, 205, 208, 214, 217, 218, 221, 224, 225, 227, 228, 231, 237, 238, 239, 240, 245, 247, 250, 252, 262, 264, 265, 267, 274, 285, 286, 290, 292, 313, 315, 320, 321, 324, 325, 327, 329, 331, 333, 335, 358, 359, 361, 362, 365, 368], "summary": {"covered_lines": 102, "num_statements": 120, "percent_covered": 79.8913043478261, "percent_covered_display": "79.89", "missing_lines": 18, "excluded_lines": 0, "num_branches": 64, "num_partial_branches": 13, "covered_branches": 45, "missing_branches": 19}, "missing_lines": [86, 138, 146, 171, 191, 192, 193, 232, 233, 234, 246, 248, 268, 270, 272, 288, 289, 317], "excluded_lines": [], "executed_branches": [[56, 57], [56, 59], [81, 83], [81, 93], [85, 88], [137, 139], [139, 140], [139, 143], [143, 144], [143, 145], [145, 149], [149, 150], [149, 152], [165, 166], [165, 167], [167, 168], [167, 169], [169, 170], [184, 185], [184, 187], [187, 188], [187, 189], [189, 190], [217, 218], [217, 221], [224, 225], [224, 237], [225, 227], [231, 250], [237, 238], [237, 245], [238, 239], [245, 247], [247, 250], [262, 264], [286, 290], [315, 320], [324, 325], [324, 333], [327, 324], [327, 329], [358, 359], [358, 361], [361, 362], [361, 365]], "missing_branches": [[85, 86], [137, 138], [145, 146], [169, 171], [189, 191], [191, 192], [191, 193], [225, 250], [231, 232], [232, 233], [232, 250], [233, 232], [233, 234], [238, 250], [245, 246], [247, 248], [262, 272], [286, 288], [315, 317]], "functions": {"MinHashSignature.__init__": {"executed_lines": [56, 57, 59, 60, 61], "summary": {"covered_lines": 5, "num_statements": 5, "percent_covered": 100.0, "percent_covered_display": "100.00", "missing_lines": 0, "excluded_lines": 0, "num_branches": 2, "num_partial_branches": 0, "covered_branches": 2, "missing_branches": 0}, "missing_lines": [], "excluded_lines": [], "executed_branches": [[56, 57], [56, 59]], "missing_branches": []}, "MinHashSignature._generate_hash_functions": {"executed_lines": [75, 78, 79, 81, 83, 84, 85, 88, 89, 91, 93], "summary": {"covered_lines": 11, "num_statements": 12, "percent_covered": 87.5, "percent_covered_display": "87.50", "missing_lines": 1, "excluded_lines": 0, "num_branches": 4, "num_partial_branches": 1, "covered_branches": 3, "missing_branches": 1}, "missing_lines": [86], "excluded_lines": [], "executed_branches": [[81, 83], [81, 93], [85, 88]], "missing_branches": [[85, 86]]}, "MinHashSignature._hash_value": {"executed_lines": [106, 109, 110], "summary": {"covered_lines": 3, "num_statements": 3, "percent_covered": 100.0, "percent_covered_display": "100.00", "missing_lines": 0, "excluded_lines": 0, "num_branches": 0, "num_partial_branches": 0, "covered_branches": 0, "missing_branches": 0}, "missing_lines": [], "excluded_lines": [], "executed_branches": [], "missing_branches": []}, "MinHashSignature._extract_features": {"executed_lines": [130, 133, 134, 137, 139, 140, 143, 144, 145, 149, 150, 152], "summary": {"covered_lines": 12, "num_statements": 14, "percent_covered": 83.33333333333333, "percent_covered_display": "83.33", "missing_lines": 2, "excluded_lines": 0, "num_branches": 10, "num_partial_branches": 2, "covered_branches": 8, "missing_branches": 2}, "missing_lines": [138, 146], "excluded_lines": [], "executed_branches": [[137, 139], [139, 140], [139, 143], [143, 144], [143, 145], [145, 149], [149, 150], [149, 152]], "missing_branches": [[137, 138], [145, 146]]}, "MinHashSignature._port_to_string": {"executed_lines": [165, 166, 167, 168, 169, 170], "summary": {"covered_lines": 6, "num_statements": 7, "percent_covered": 84.61538461538461, "percent_covered_display": "84.62", "missing_lines": 1, "excluded_lines": 0, "num_branches": 6, "num_partial_branches": 1, "covered_branches": 5, "missing_branches": 1}, "missing_lines": [171], "excluded_lines": [], "executed_branches": [[165, 166], [165, 167], [167, 168], [167, 169], [169, 170]], "missing_branches": [[169, 171]]}, "MinHashSignature._addr_to_string": {"executed_lines": [184, 185, 186, 187, 188, 189, 190], "summary": {"covered_lines": 7, "num_statements": 10, "percent_covered": 66.66666666666667, "percent_covered_display": "66.67", "missing_lines": 3, "excluded_lines": 0, "num_branches": 8, "num_partial_branches": 1, "covered_branches": 5, "missing_branches": 3}, "missing_lines": [191, 192, 193], "excluded_lines": [], "executed_branches": [[184, 185], [184, 187], [187, 188], [187, 189], [189, 190]], "missing_branches": [[189, 191], [191, 192], [191, 193]]}, "MinHashSignature._extract_option_features": {"executed_lines": [205, 208, 214, 217, 218, 221, 224, 225, 227, 228, 231, 237, 238, 239, 240, 245, 247, 250], "summary": {"covered_lines": 18, "num_statements": 23, "percent_covered": 67.44186046511628, "percent_covered_display": "67.44", "missing_lines": 5, "excluded_lines": 0, "num_branches": 20, "num_partial_branches": 5, "covered_branches": 11, "missing_branches": 9}, "missing_lines": [232, 233, 234, 246, 248], "excluded_lines": [], "executed_branches": [[217, 218], [217, 221], [224, 225], [224, 237], [225, 227], [231, 250], [237, 238], [237, 245], [238, 239], [245, 247], [247, 250]], "missing_branches": [[225, 250], [231, 232], [232, 233], [232, 250], [233, 232], [233, 234], [238, 250], [245, 246], [247, 248]]}, "MinHashSignature._normalize_content": {"executed_lines": [262, 264, 265, 267], "summary": {"covered_lines": 4, "num_statements": 7, "percent_covered": 55.55555555555556, "percent_covered_display": "55.56", "missing_lines": 3, "excluded_lines": 0, "num_branches": 2, "num_partial_branches": 1, "covered_branches": 1, "missing_branches": 1}, "missing_lines": [268, 270, 272], "excluded_lines": [], "executed_branches": [[262, 264]], "missing_branches": [[262, 272]]}, "MinHashSignature._normalize_pcre": {"executed_lines": [285, 286, 290], "summary": {"covered_lines": 3, "num_statements": 5, "percent_covered": 57.142857142857146, "percent_covered_display": "57.14", "missing_lines": 2, "excluded_lines": 0, "num_branches": 2, "num_partial_branches": 1, "covered_branches": 1, "missing_branches": 1}, "missing_lines": [288, 289], "excluded_lines": [], "executed_branches": [[286, 290]], "missing_branches": [[286, 288]]}, "MinHashSignature.create_signature": {"executed_lines": [313, 315, 320, 321, 324, 325, 327, 329, 331, 333], "summary": {"covered_lines": 10, "num_statements": 11, "percent_covered": 88.23529411764706, "percent_covered_display": "88.24", "missing_lines": 1, "excluded_lines": 0, "num_branches": 6, "num_partial_branches": 1, "covered_branches": 5, "missing_branches": 1}, "missing_lines": [317], "excluded_lines": [], "executed_branches": [[315, 320], [324, 325], [324, 333], [327, 324], [327, 329]], "missing_branches": [[315, 317]]}, "MinHashSignature.estimate_similarity": {"executed_lines": [358, 359, 361, 362, 365, 368], "summary": {"covered_lines": 6, "num_statements": 6, "percent_covered": 100.0, "percent_covered_display": "100.00", "missing_lines": 0, "excluded_lines": 0, "num_branches": 4, "num_partial_branches": 0, "covered_branches": 4, "missing_branches": 0}, "missing_lines": [], "excluded_lines": [], "executed_branches": [[358, 359], [358, 361], [361, 362], [361, 365]], "missing_branches": []}, "": {"executed_lines": [1, 11, 13, 14, 15, 17, 27, 28, 45, 63, 95, 112, 154, 173, 195, 252, 274, 292, 335], "summary": {"covered_lines": 17, "num_statements": 17, "percent_covered": 100.0, "percent_covered_display": "100.00", "missing_lines": 0, "excluded_lines": 0, "num_branches": 0, "num_partial_branches": 0, "covered_branches": 0, "missing_branches": 0}, "missing_lines": [], "excluded_lines": [], "executed_branches": [], "missing_branches": []}}, "classes": {"MinHashSignature": {"executed_lines": [56, 57, 59, 60, 61, 75, 78, 79, 81, 83, 84, 85, 88, 89, 91, 93, 106, 109, 110, 130, 133, 134, 137, 139, 140, 143, 144, 145, 149, 150, 152, 165, 166, 167, 168, 169, 170, 184, 185, 186, 187, 188, 189, 190, 205, 208, 214, 217, 218, 221, 224, 225, 227, 228, 231, 237, 238, 239, 240, 245, 247, 250, 262, 264, 265, 267, 285, 286, 290, 313, 315, 320, 321, 324, 325, 327, 329, 331, 333, 358, 359, 361, 362, 365, 368], "summary": {"covered_lines": 85, "num_statements": 103, "percent_covered": 77.8443113772455, "percent_covered_display": "77.84", "missing_lines": 18, "excluded_lines": 0, "num_branches": 64, "num_partial_branches": 13, "covered_branches": 45, "missing_branches": 19}, "missing_lines": [86, 138, 146, 171, 191, 192, 193, 232, 233, 234, 246, 248, 268, 270, 272, 288, 289, 317], "excluded_lines": [], "executed_branches": [[56, 57], [56, 59], [81, 83], [81, 93], [85, 88], [137, 139], [139, 140], [139, 143], [143, 144], [143, 145], [145, 149], [149, 150], [149, 152], [165, 166], [165, 167], [167, 168], [167, 169], [169, 170], [184, 185], [184, 187], [187, 188], [187, 189], [189, 190], [217, 218], [217, 221], [224, 225], [224, 237], [225, 227], [231, 250], [237, 238], [237, 245], [238, 239], [245, 247], [247, 250], [262, 264], [286, 290], [315, 320], [324, 325], [324, 333], [327, 324], [327, 329], [358, 359], [358, 361], [361, 362], [361, 365]], "missing_branches": [[85, 86], [137, 138], [145, 146], [169, 171], [189, 191], [191, 192], [191, 193], [225, 250], [231, 232], [232, 233], [232, 250], [233, 232], [233, 234], [238, 250], [245, 246], [247, 248], [262, 272], [286, 288], [315, 317]]}, "": {"executed_lines": [1, 11, 13, 14, 15, 17, 27, 28, 45, 63, 95, 112, 154, 173, 195, 252, 274, 292, 335], "summary": {"covered_lines": 17, "num_statements": 17, "percent_covered": 100.0, "percent_covered_display": "100.00", "missing_lines": 0, "excluded_lines": 0, "num_branches": 0, "num_partial_branches": 0, "covered_branches": 0, "missing_branches": 0}, "missing_lines": [], "excluded_lines": [], "executed_branches": [], "missing_branches": []}}}, "src/surinort_ast/analysis/optimizer.py": {"executed_lines": [1, 12, 14, 15, 17, 22, 23, 24, 36, 37, 38, 39, 40, 41, 43, 45, 46, 49, 50, 51, 62, 63, 64, 65, 66, 68, 69, 71, 74, 75, 98, 112, 114, 120, 126, 127, 130, 132, 134, 152, 153, 154, 157, 158, 160, 161, 163, 165, 166, 167, 170, 171, 174, 175, 176, 178, 186, 206, 208, 209, 210, 212, 213, 215, 217, 232, 233, 243, 244, 247, 248, 249, 250, 252, 263, 278], "summary": {"covered_lines": 71, "num_statements": 71, "percent_covered": 98.9247311827957, "percent_covered_display": "98.92", "missing_lines": 0, "excluded_lines": 3, "num_branches": 22, "num_partial_branches": 1, "covered_branches": 21, "missing_branches": 1}, "missing_lines": [], "excluded_lines": [17, 18, 19], "executed_branches": [[112, 114], [112, 126], [157, 158], [160, 161], [160, 170], [163, 160], [163, 165], [170, 157], [170, 171], [175, 176], [175, 178], [208, 209], [208, 215], [209, 210], [209, 212], [232, 233], [232, 243], [248, 249], [248, 252], [249, 248], [249, 250]], "missing_branches": [[157, 174]], "functions": {"Optimization.__str__": {"executed_lines": [45, 46], "summary": {"covered_lines": 2, "num_statements": 2, "percent_covered": 100.0, "percent_covered_display": "100.00", "missing_lines": 0, "excluded_lines": 0, "num_branches": 0, "num_partial_branches": 0, "covered_branches": 0, "missing_branches": 0}, "missing_lines": [], "excluded_lines": [], "executed_branches": [], "missing_branches": []}, "OptimizationResult.strategy_names": {"executed_lines": [71], "summary": {"covered_lines": 1, "num_statements": 1, "percent_covered": 100.0, "percent_covered_display": "100.00", "missing_lines": 0, "excluded_lines": 0, "num_branches": 0, "num_partial_branches": 0, "covered_branches": 0, "missing_branches": 0}, "missing_lines": [], "excluded_lines": [], "executed_branches": [], "missing_branches": []}, "RuleOptimizer.__init__": {"executed_lines": [112, 114, 120, 126, 127, 130, 132], "summary": {"covered_lines": 7, "num_statements": 7, "percent_covered": 100.0, "percent_covered_display": "100.00", "missing_lines": 0, "excluded_lines": 0, "num_branches": 2, "num_partial_branches": 0, "covered_branches": 2, "missing_branches": 0}, "missing_lines": [], "excluded_lines": [], "executed_branches": [[112, 114], [112, 126]], "missing_branches": []}, "RuleOptimizer.optimize": {"executed_lines": [152, 153, 154, 157, 158, 160, 161, 163, 165, 166, 167, 170, 171, 174, 175, 176, 178], "summary": {"covered_lines": 17, "num_statements": 17, "percent_covered": 96.29629629629629, "percent_covered_display": "96.30", "missing_lines": 0, "excluded_lines": 0, "num_branches": 10, "num_partial_branches": 1, "covered_branches": 9, "missing_branches": 1}, "missing_lines": [], "excluded_lines": [], "executed_branches": [[157, 158], [160, 161], [160, 170], [163, 160], [163, 165], [170, 157], [170, 171], [175, 176], [175, 178]], "missing_branches": [[157, 174]]}, "RuleOptimizer.optimize_ruleset": {"executed_lines": [206, 208, 209, 210, 212, 213, 215], "summary": {"covered_lines": 7, "num_statements": 7, "percent_covered": 100.0, "percent_covered_display": "100.00", "missing_lines": 0, "excluded_lines": 0, "num_branches": 4, "num_partial_branches": 0, "covered_branches": 4, "missing_branches": 0}, "missing_lines": [], "excluded_lines": [], "executed_branches": [[208, 209], [208, 215], [209, 210], [209, 212]], "missing_branches": []}, "RuleOptimizer.get_statistics": {"executed_lines": [232, 233, 243, 244, 247, 248, 249, 250, 252], "summary": {"covered_lines": 9, "num_statements": 9, "percent_covered": 100.0, "percent_covered_display": "100.00", "missing_lines": 0, "excluded_lines": 0, "num_branches": 6, "num_partial_branches": 0, "covered_branches": 6, "missing_branches": 0}, "missing_lines": [], "excluded_lines": [], "executed_branches": [[232, 233], [232, 243], [248, 249], [248, 252], [249, 248], [249, 250]], "missing_branches": []}, "RuleOptimizer.estimate_improvement": {"executed_lines": [278], "summary": {"covered_lines": 1, "num_statements": 1, "percent_covered": 100.0, "percent_covered_display": "100.00", "missing_lines": 0, "excluded_lines": 0, "num_branches": 0, "num_partial_branches": 0, "covered_branches": 0, "missing_branches": 0}, "missing_lines": [], "excluded_lines": [], "executed_branches": [], "missing_branches": []}, "": {"executed_lines": [1, 12, 14, 15, 17, 22, 23, 24, 36, 37, 38, 39, 40, 41, 43, 49, 50, 51, 62, 63, 64, 65, 66, 68, 69, 74, 75, 98, 134, 186, 217, 263], "summary": {"covered_lines": 27, "num_statements": 27, "percent_covered": 100.0, "percent_covered_display": "100.00", "missing_lines": 0, "excluded_lines": 3, "num_branches": 0, "num_partial_branches": 0, "covered_branches": 0, "missing_branches": 0}, "missing_lines": [], "excluded_lines": [17, 18, 19], "executed_branches": [], "missing_branches": []}}, "classes": {"Optimization": {"executed_lines": [45, 46], "summary": {"covered_lines": 2, "num_statements": 2, "percent_covered": 100.0, "percent_covered_display": "100.00", "missing_lines": 0, "excluded_lines": 0, "num_branches": 0, "num_partial_branches": 0, "covered_branches": 0, "missing_branches": 0}, "missing_lines": [], "excluded_lines": [], "executed_branches": [], "missing_branches": []}, "OptimizationResult": {"executed_lines": [71], "summary": {"covered_lines": 1, "num_statements": 1, "percent_covered": 100.0, "percent_covered_display": "100.00", "missing_lines": 0, "excluded_lines": 0, "num_branches": 0, "num_partial_branches": 0, "covered_branches": 0, "missing_branches": 0}, "missing_lines": [], "excluded_lines": [], "executed_branches": [], "missing_branches": []}, "RuleOptimizer": {"executed_lines": [112, 114, 120, 126, 127, 130, 132, 152, 153, 154, 157, 158, 160, 161, 163, 165, 166, 167, 170, 171, 174, 175, 176, 178, 206, 208, 209, 210, 212, 213, 215, 232, 233, 243, 244, 247, 248, 249, 250, 252, 278], "summary": {"covered_lines": 41, "num_statements": 41, "percent_covered": 98.41269841269842, "percent_covered_display": "98.41", "missing_lines": 0, "excluded_lines": 0, "num_branches": 22, "num_partial_branches": 1, "covered_branches": 21, "missing_branches": 1}, "missing_lines": [], "excluded_lines": [], "executed_branches": [[112, 114], [112, 126], [157, 158], [160, 161], [160, 170], [163, 160], [163, 165], [170, 157], [170, 171], [175, 176], [175, 178], [208, 209], [208, 215], [209, 210], [209, 212], [232, 233], [232, 243], [248, 249], [248, 252], [249, 248], [249, 250]], "missing_branches": [[157, 174]]}, "": {"executed_lines": [1, 12, 14, 15, 17, 22, 23, 24, 36, 37, 38, 39, 40, 41, 43, 49, 50, 51, 62, 63, 64, 65, 66, 68, 69, 74, 75, 98, 134, 186, 217, 263], "summary": {"covered_lines": 27, "num_statements": 27, "percent_covered": 100.0, "percent_covered_display": "100.00", "missing_lines": 0, "excluded_lines": 3, "num_branches": 0, "num_partial_branches": 0, "covered_branches": 0, "missing_branches": 0}, "missing_lines": [], "excluded_lines": [17, 18, 19], "executed_branches": [], "missing_branches": []}}}, "src/surinort_ast/analysis/strategies.py": {"executed_lines": [1, 15, 17, 18, 20, 23, 26, 27, 34, 35, 53, 54, 71, 72, 73, 78, 79, 93, 135, 136, 138, 140, 150, 152, 155, 161, 162, 165, 168, 170, 171, 172, 175, 177, 189, 191, 197, 199, 202, 205, 209, 211, 215, 218, 219, 235, 236, 238, 240, 251, 253, 257, 259, 262, 271, 275, 277, 280, 281, 283, 288, 289, 291, 293, 296, 297, 298, 299, 301, 303, 306, 308, 309, 310, 312, 314, 327, 329, 336, 338, 340, 345, 347, 359, 362, 363, 366, 367, 370, 374, 391, 394, 395, 409, 418, 419, 421, 423, 433, 434, 435, 437, 438, 441, 442, 443, 446, 448, 449, 450, 452, 454, 456, 459, 462, 464, 465, 466, 468, 470, 483, 485, 491, 493, 495, 496, 498, 499, 500, 502, 504, 506, 508, 510, 511, 514, 515, 518, 520, 530, 534, 537, 538, 541, 543], "summary": {"covered_lines": 132, "num_statements": 144, "percent_covered": 87.5, "percent_covered_display": "87.50", "missing_lines": 12, "excluded_lines": 42, "num_branches": 48, "num_partial_branches": 6, "covered_branches": 36, "missing_branches": 12}, "missing_lines": [212, 285, 341, 371, 375, 380, 381, 384, 385, 388, 389, 516], "excluded_lines": [20, 21, 34, 35, 36, 37, 38, 39, 40, 41, 42, 43, 44, 45, 46, 47, 48, 49, 50, 51, 53, 54, 55, 56, 57, 58, 59, 60, 61, 62, 63, 64, 65, 66, 67, 68, 69, 71, 72, 73, 74, 75], "executed_branches": [[150, 152], [150, 155], [161, 162], [161, 165], [211, 215], [257, 259], [257, 262], [275, 277], [275, 280], [283, 288], [297, 298], [297, 303], [298, 299], [298, 301], [340, 345], [366, 367], [366, 370], [370, 374], [374, 391], [437, 438], [437, 454], [441, 442], [441, 446], [448, 449], [448, 452], [454, 456], [454, 459], [498, 499], [498, 510], [499, 500], [499, 502], [504, 506], [504, 508], [510, 511], [510, 514], [515, 518]], "missing_branches": [[211, 212], [283, 285], [340, 341], [370, 371], [374, 375], [380, 381], [380, 384], [384, 385], [384, 388], [388, 374], [388, 389], [515, 516]], "functions": {"OptimizationStrategy.apply": {"executed_lines": [], "summary": {"covered_lines": 0, "num_statements": 0, "percent_covered": 100.0, "percent_covered_display": "100.00", "missing_lines": 0, "excluded_lines": 16, "num_branches": 0, "num_partial_branches": 0, "covered_branches": 0, "missing_branches": 0}, "missing_lines": [], "excluded_lines": [36, 37, 38, 39, 40, 41, 42, 43, 44, 45, 46, 47, 48, 49, 50, 51], "executed_branches": [], "missing_branches": []}, "OptimizationStrategy.estimate_gain": {"executed_lines": [], "summary": {"covered_lines": 0, "num_statements": 0, "percent_covered": 100.0, "percent_covered_display": "100.00", "missing_lines": 0, "excluded_lines": 15, "num_branches": 0, "num_partial_branches": 0, "covered_branches": 0, "missing_branches": 0}, "missing_lines": [], "excluded_lines": [55, 56, 57, 58, 59, 60, 61, 62, 63, 64, 65, 66, 67, 68, 69], "executed_branches": [], "missing_branches": []}, "OptimizationStrategy.name": {"executed_lines": [], "summary": {"covered_lines": 0, "num_statements": 0, "percent_covered": 100.0, "percent_covered_display": "100.00", "missing_lines": 0, "excluded_lines": 2, "num_branches": 0, "num_partial_branches": 0, "covered_branches": 0, "missing_branches": 0}, "missing_lines": [], "excluded_lines": [74, 75], "executed_branches": [], "missing_branches": []}, "OptionReorderStrategy.name": {"executed_lines": [138], "summary": {"covered_lines": 1, "num_statements": 1, "percent_covered": 100.0, "percent_covered_display": "100.00", "missing_lines": 0, "excluded_lines": 0, "num_branches": 0, "num_partial_branches": 0, "covered_branches": 0, "missing_branches": 0}, "missing_lines": [], "excluded_lines": [], "executed_branches": [], "missing_branches": []}, "OptionReorderStrategy.apply": {"executed_lines": [150, 152, 155, 161, 162, 165, 168, 170, 171, 172, 175, 177, 189], "summary": {"covered_lines": 13, "num_statements": 13, "percent_covered": 100.0, "percent_covered_display": "100.00", "missing_lines": 0, "excluded_lines": 0, "num_branches": 4, "num_partial_branches": 0, "covered_branches": 4, "missing_branches": 0}, "missing_lines": [], "excluded_lines": [], "executed_branches": [[150, 152], [150, 155], [161, 162], [161, 165]], "missing_branches": []}, "OptionReorderStrategy.estimate_gain": {"executed_lines": [197, 199, 202, 205, 209, 211, 215], "summary": {"covered_lines": 7, "num_statements": 8, "percent_covered": 80.0, "percent_covered_display": "80.00", "missing_lines": 1, "excluded_lines": 0, "num_branches": 2, "num_partial_branches": 1, "covered_branches": 1, "missing_branches": 1}, "missing_lines": [212], "excluded_lines": [], "executed_branches": [[211, 215]], "missing_branches": [[211, 212]]}, "FastPatternStrategy.name": {"executed_lines": [238], "summary": {"covered_lines": 1, "num_statements": 1, "percent_covered": 100.0, "percent_covered_display": "100.00", "missing_lines": 0, "excluded_lines": 0, "num_branches": 0, "num_partial_branches": 0, "covered_branches": 0, "missing_branches": 0}, "missing_lines": [], "excluded_lines": [], "executed_branches": [], "missing_branches": []}, "FastPatternStrategy.apply": {"executed_lines": [251, 253, 257, 259, 262, 271, 275, 277, 280, 281, 283, 288, 289, 291, 293, 296, 297, 298, 299, 301, 303, 306, 308, 309, 310, 312, 314, 327], "summary": {"covered_lines": 28, "num_statements": 29, "percent_covered": 94.87179487179488, "percent_covered_display": "94.87", "missing_lines": 1, "excluded_lines": 0, "num_branches": 10, "num_partial_branches": 1, "covered_branches": 9, "missing_branches": 1}, "missing_lines": [285], "excluded_lines": [], "executed_branches": [[257, 259], [257, 262], [275, 277], [275, 280], [283, 288], [297, 298], [297, 303], [298, 299], [298, 301]], "missing_branches": [[283, 285]]}, "FastPatternStrategy.estimate_gain": {"executed_lines": [336, 338, 340, 345], "summary": {"covered_lines": 4, "num_statements": 5, "percent_covered": 71.42857142857143, "percent_covered_display": "71.43", "missing_lines": 1, "excluded_lines": 0, "num_branches": 2, "num_partial_branches": 1, "covered_branches": 1, "missing_branches": 1}, "missing_lines": [341], "excluded_lines": [], "executed_branches": [[340, 345]], "missing_branches": [[340, 341]]}, "FastPatternStrategy._score_distinctiveness": {"executed_lines": [359, 362, 363, 366, 367, 370, 374, 391], "summary": {"covered_lines": 8, "num_statements": 16, "percent_covered": 42.857142857142854, "percent_covered_display": "42.86", "missing_lines": 8, "excluded_lines": 0, "num_branches": 12, "num_partial_branches": 2, "covered_branches": 4, "missing_branches": 8}, "missing_lines": [371, 375, 380, 381, 384, 385, 388, 389], "excluded_lines": [], "executed_branches": [[366, 367], [366, 370], [370, 374], [374, 391]], "missing_branches": [[370, 371], [374, 375], [380, 381], [380, 384], [384, 385], [384, 388], [388, 374], [388, 389]]}, "RedundancyRemovalStrategy.name": {"executed_lines": [421], "summary": {"covered_lines": 1, "num_statements": 1, "percent_covered": 100.0, "percent_covered_display": "100.00", "missing_lines": 0, "excluded_lines": 0, "num_branches": 0, "num_partial_branches": 0, "covered_branches": 0, "missing_branches": 0}, "missing_lines": [], "excluded_lines": [], "executed_branches": [], "missing_branches": []}, "RedundancyRemovalStrategy.apply": {"executed_lines": [433, 434, 435, 437, 438, 441, 442, 443, 446, 448, 449, 450, 452, 454, 456, 459, 462, 464, 465, 466, 468, 470, 483], "summary": {"covered_lines": 23, "num_statements": 23, "percent_covered": 100.0, "percent_covered_display": "100.00", "missing_lines": 0, "excluded_lines": 0, "num_branches": 8, "num_partial_branches": 0, "covered_branches": 8, "missing_branches": 0}, "missing_lines": [], "excluded_lines": [], "executed_branches": [[437, 438], [437, 454], [441, 442], [441, 446], [448, 449], [448, 452], [454, 456], [454, 459]], "missing_branches": []}, "RedundancyRemovalStrategy.estimate_gain": {"executed_lines": [491, 493, 495, 496, 498, 499, 500, 502, 504, 506, 508, 510, 511, 514, 515, 518], "summary": {"covered_lines": 16, "num_statements": 17, "percent_covered": 92.5925925925926, "percent_covered_display": "92.59", "missing_lines": 1, "excluded_lines": 0, "num_branches": 10, "num_partial_branches": 1, "covered_branches": 9, "missing_branches": 1}, "missing_lines": [516], "excluded_lines": [], "executed_branches": [[498, 499], [498, 510], [499, 500], [499, 502], [504, 506], [504, 508], [510, 511], [510, 514], [515, 518]], "missing_branches": [[515, 516]]}, "RedundancyRemovalStrategy._create_option_key": {"executed_lines": [530, 534, 537, 538, 541, 543], "summary": {"covered_lines": 6, "num_statements": 6, "percent_covered": 100.0, "percent_covered_display": "100.00", "missing_lines": 0, "excluded_lines": 0, "num_branches": 0, "num_partial_branches": 0, "covered_branches": 0, "missing_branches": 0}, "missing_lines": [], "excluded_lines": [], "executed_branches": [], "missing_branches": []}, "": {"executed_lines": [1, 15, 17, 18, 20, 23, 26, 27, 34, 35, 53, 54, 71, 72, 73, 78, 79, 93, 135, 136, 140, 191, 218, 219, 235, 236, 240, 329, 347, 394, 395, 409, 418, 419, 423, 485, 520], "summary": {"covered_lines": 24, "num_statements": 24, "percent_covered": 100.0, "percent_covered_display": "100.00", "missing_lines": 0, "excluded_lines": 9, "num_branches": 0, "num_partial_branches": 0, "covered_branches": 0, "missing_branches": 0}, "missing_lines": [], "excluded_lines": [20, 21, 34, 35, 53, 54, 71, 72, 73], "executed_branches": [], "missing_branches": []}}, "classes": {"OptimizationStrategy": {"executed_lines": [], "summary": {"covered_lines": 0, "num_statements": 0, "percent_covered": 100.0, "percent_covered_display": "100.00", "missing_lines": 0, "excluded_lines": 33, "nu
[...]
et": {"executed_lines": [542], "summary": {"covered_lines": 1, "num_statements": 1, "percent_covered": 100.0, "percent_covered_display": "100.00", "missing_lines": 0, "excluded_lines": 0, "num_branches": 0, "num_partial_branches": 0, "covered_branches": 0, "missing_branches": 0}, "missing_lines": [], "excluded_lines": [], "executed_branches": [], "missing_branches": []}, "": {"executed_lines": [1, 11, 13, 14, 15, 16, 17, 19, 20, 21, 23, 31, 32, 50, 51, 63, 78, 90, 91, 104, 113, 133, 143, 144, 169, 178, 203, 204, 231, 240, 262, 263, 289, 304, 342, 378, 398, 399, 400, 413, 414, 415, 416, 417, 418, 419, 421, 444, 445, 473, 487, 540], "summary": {"covered_lines": 42, "num_statements": 42, "percent_covered": 100.0, "percent_covered_display": "100.00", "missing_lines": 0, "excluded_lines": 2, "num_branches": 0, "num_partial_branches": 0, "covered_branches": 0, "missing_branches": 0}, "missing_lines": [], "excluded_lines": [50, 51], "executed_branches": [], "missing_branches": []}}, "classes": {"StreamProcessor": {"executed_lines": [73, 74, 75, 76, 87], "summary": {"covered_lines": 5, "num_statements": 5, "percent_covered": 100.0, "percent_covered_display": "100.00", "missing_lines": 0, "excluded_lines": 10, "num_branches": 4, "num_partial_branches": 0, "covered_branches": 4, "missing_branches": 0}, "missing_lines": [], "excluded_lines": [52, 53, 54, 55, 56, 57, 58, 59, 60, 61], "executed_branches": [[73, -63], [73, 74], [75, 73], [75, 76]], "missing_branches": []}, "ChainedProcessor": {"executed_lines": [111, 123, 125, 126, 127, 129, 131, 135], "summary": {"covered_lines": 8, "num_statements": 8, "percent_covered": 100.0, "percent_covered_display": "100.00", "missing_lines": 0, "excluded_lines": 0, "num_branches": 4, "num_partial_branches": 0, "covered_branches": 4, "missing_branches": 0}, "missing_lines": [], "excluded_lines": [], "executed_branches": [[125, 126], [125, 131], [126, 127], [126, 129]], "missing_branches": []}, "FilterProcessor": {"executed_lines": [176, 188, 189, 190, 192, 193, 194, 195], "summary": {"covered_lines": 8, "num_statements": 8, "percent_covered": 100.0, "percent_covered_display": "100.00", "missing_lines": 0, "excluded_lines": 0, "num_branches": 2, "num_partial_branches": 0, "covered_branches": 2, "missing_branches": 0}, "missing_lines": [], "excluded_lines": [], "executed_branches": [[189, 190], [189, 192]], "missing_branches": []}, "TransformProcessor": {"executed_lines": [238, 250, 251, 252, 253, 254], "summary": {"covered_lines": 6, "num_statements": 6, "percent_covered": 100.0, "percent_covered_display": "100.00", "missing_lines": 0, "excluded_lines": 0, "num_branches": 0, "num_partial_branches": 0, "covered_branches": 0, "missing_branches": 0}, "missing_lines": [], "excluded_lines": [], "executed_branches": [], "missing_branches": []}, "ValidateProcessor": {"executed_lines": [301, 302, 314, 317, 318, 321, 322, 323, 324, 329, 330, 333, 334, 337, 340, 352, 355, 356, 358, 367, 368, 376, 390], "summary": {"covered_lines": 23, "num_statements": 27, "percent_covered": 84.61538461538461, "percent_covered_display": "84.62", "missing_lines": 4, "excluded_lines": 0, "num_branches": 12, "num_partial_branches": 2, "covered_branches": 10, "missing_branches": 2}, "missing_lines": [325, 326, 338, 359], "excluded_lines": [], "executed_branches": [[321, 322], [321, 329], [329, 330], [329, 333], [333, 334], [333, 340], [337, 340], [358, 367], [367, 368], [367, 376]], "missing_branches": [[337, 338], [358, 359]]}, "AggregateStats": {"executed_lines": [428], "summary": {"covered_lines": 1, "num_statements": 1, "percent_covered": 100.0, "percent_covered_display": "100.00", "missing_lines": 0, "excluded_lines": 0, "num_branches": 0, "num_partial_branches": 0, "covered_branches": 0, "missing_branches": 0}, "missing_lines": [], "excluded_lines": [], "executed_branches": [], "missing_branches": []}, "AggregateProcessor": {"executed_lines": [484, 485, 498, 501, 502, 507, 508, 513, 527, 528, 529, 532, 533, 534, 538, 542], "summary": {"covered_lines": 16, "num_statements": 24, "percent_covered": 63.888888888888886, "percent_covered_display": "63.89", "missing_lines": 8, "excluded_lines": 0, "num_branches": 12, "num_partial_branches": 1, "covered_branches": 7, "missing_branches": 5}, "missing_lines": [514, 517, 521, 522, 523, 524, 535, 536], "excluded_lines": [], "executed_branches": [[513, 527], [527, 528], [527, 532], [528, 527], [528, 529], [532, 533], [532, 538]], "missing_branches": [[513, 514], [521, 522], [521, 523], [523, 524], [523, 527]]}, "": {"executed_lines": [1, 11, 13, 14, 15, 16, 17, 19, 20, 21, 23, 31, 32, 50, 51, 63, 78, 90, 91, 104, 113, 133, 143, 144, 169, 178, 203, 204, 231, 240, 262, 263, 289, 304, 342, 378, 398, 399, 400, 413, 414, 415, 416, 417, 418, 419, 421, 444, 445, 473, 487, 540], "summary": {"covered_lines": 42, "num_statements": 42, "percent_covered": 100.0, "percent_covered_display": "100.00", "missing_lines": 0, "excluded_lines": 2, "num_branches": 0, "num_partial_branches": 0, "covered_branches": 0, "missing_branches": 0}, "missing_lines": [], "excluded_lines": [50, 51], "executed_branches": [], "missing_branches": []}}}, "src/surinort_ast/streaming/writers.py": {"executed_lines": [1, 11, 13, 14, 15, 16, 17, 18, 19, 21, 22, 23, 24, 26, 34, 35, 51, 59, 60, 61, 62, 64, 65, 69, 70, 74, 75, 79, 81, 82, 83, 84, 85, 87, 89, 90, 91, 92, 94, 105, 106, 108, 109, 110, 114, 124, 125, 126, 127, 128, 130, 131, 133, 135, 136, 157, 159, 160, 181, 189, 190, 212, 230, 231, 232, 233, 234, 240, 242, 243, 244, 246, 253, 257, 260, 261, 264, 265, 267, 269, 270, 271, 279, 280, 303, 317, 318, 319, 321, 323, 324, 325, 327, 334, 338, 339, 341, 344, 347, 349, 350, 353, 355, 358, 359, 361, 363, 364, 372, 373, 398, 399], "summary": {"covered_lines": 102, "num_statements": 110, "percent_covered": 90.44117647058823, "percent_covered_display": "90.44", "missing_lines": 8, "excluded_lines": 12, "num_branches": 26, "num_partial_branches": 5, "covered_branches": 21, "missing_branches": 5}, "missing_lines": [111, 112, 254, 335, 394, 395, 420, 421], "excluded_lines": [64, 65, 66, 67, 69, 70, 71, 72, 74, 75, 76, 77], "executed_branches": [[89, 90], [105, 106], [105, 108], [125, 126], [125, 128], [242, -240], [242, 243], [253, 257], [264, -246], [264, 265], [269, -267], [269, 270], [323, 324], [334, 338], [338, 339], [338, 341], [347, 349], [347, 355], [358, -327], [358, 359], [363, 364]], "missing_branches": [[89, -87], [253, 254], [323, -321], [334, 335], [363, -361]], "functions": {"StreamWriter.__init__": {"executed_lines": [59, 60, 61, 62], "summary": {"covered_lines": 4, "num_statements": 4, "percent_covered": 100.0, "percent_covered_display": "100.00", "missing_lines": 0, "excluded_lines": 0, "num_branches": 0, "num_partial_branches": 0, "covered_branches": 0, "missing_branches": 0}, "missing_lines": [], "excluded_lines": [], "executed_branches": [], "missing_branches": []}, "StreamWriter._write_header": {"executed_lines": [], "summary": {"covered_lines": 0, "num_statements": 0, "percent_covered": 100.0, "percent_covered_display": "100.00", "missing_lines": 0, "excluded_lines": 2, "num_branches": 0, "num_partial_branches": 0, "covered_branches": 0, "missing_branches": 0}, "missing_lines": [], "excluded_lines": [66, 67], "executed_branches": [], "missing_branches": []}, "StreamWriter._write_rule": {"executed_lines": [], "summary": {"covered_lines": 0, "num_statements": 0, "percent_covered": 100.0, "percent_covered_display": "100.00", "missing_lines": 0, "excluded_lines": 2, "num_branches": 0, "num_partial_branches": 0, "covered_branches": 0, "missing_branches": 0}, "missing_lines": [], "excluded_lines": [71, 72], "executed_branches": [], "missing_branches": []}, "StreamWriter._write_footer": {"executed_lines": [], "summary": {"covered_lines": 0, "num_statements": 0, "percent_covered": 100.0, "percent_covered_display": "100.00", "missing_lines": 0, "excluded_lines": 2, "num_branches": 0, "num_partial_branches": 0, "covered_branches": 0, "missing_branches": 0}, "missing_lines": [], "excluded_lines": [76, 77], "executed_branches": [], "missing_branches": []}, "StreamWriter.__enter__": {"executed_lines": [81, 82, 83, 84, 85], "summary": {"covered_lines": 5, "num_statements": 5, "percent_covered": 100.0, "percent_covered_display": "100.00", "missing_lines": 0, "excluded_lines": 0, "num_branches": 0, "num_partial_branches": 0, "covered_branches": 0, "missing_branches": 0}, "missing_lines": [], "excluded_lines": [], "executed_branches": [], "missing_branches": []}, "StreamWriter.__exit__": {"executed_lines": [89, 90, 91, 92], "summary": {"covered_lines": 4, "num_statements": 4, "percent_covered": 83.33333333333333, "percent_covered_display": "83.33", "missing_lines": 0, "excluded_lines": 0, "num_branches": 2, "num_partial_branches": 1, "covered_branches": 1, "missing_branches": 1}, "missing_lines": [], "excluded_lines": [], "executed_branches": [[89, 90]], "missing_branches": [[89, -87]]}, "StreamWriter.write": {"executed_lines": [105, 106, 108, 109, 110], "summary": {"covered_lines": 5, "num_statements": 7, "percent_covered": 77.77777777777777, "percent_covered_display": "77.78", "missing_lines": 2, "excluded_lines": 0, "num_branches": 2, "num_partial_branches": 0, "covered_branches": 2, "missing_branches": 0}, "missing_lines": [111, 112], "excluded_lines": [], "executed_branches": [[105, 106], [105, 108]], "missing_branches": []}, "StreamWriter.write_many": {"executed_lines": [124, 125, 126, 127, 128], "summary": {"covered_lines": 5, "num_statements": 5, "percent_covered": 100.0, "percent_covered_display": "100.00", "missing_lines": 0, "excluded_lines": 0, "num_branches": 2, "num_partial_branches": 0, "covered_branches": 2, "missing_branches": 0}, "missing_lines": [], "excluded_lines": [], "executed_branches": [[125, 126], [125, 128]], "missing_branches": []}, "StreamWriter.count": {"executed_lines": [133], "summary": {"covered_lines": 1, "num_statements": 1, "percent_covered": 100.0, "percent_covered_display": "100.00", "missing_lines": 0, "excluded_lines": 0, "num_branches": 0, "num_partial_branches": 0, "covered_branches": 0, "missing_branches": 0}, "missing_lines": [], "excluded_lines": [], "executed_branches": [], "missing_branches": []}, "StreamWriter.text": {"executed_lines": [157], "summary": {"covered_lines": 1, "num_statements": 1, "percent_covered": 100.0, "percent_covered_display": "100.00", "missing_lines": 0, "excluded_lines": 0, "num_branches": 0, "num_partial_branches": 0, "covered_branches": 0, "missing_branches": 0}, "missing_lines": [], "excluded_lines": [], "executed_branches": [], "missing_branches": []}, "StreamWriter.json": {"executed_lines": [181], "summary": {"covered_lines": 1, "num_statements": 1, "percent_covered": 100.0, "percent_covered_display": "100.00", "missing_lines": 0, "excluded_lines": 0, "num_branches": 0, "num_partial_branches": 0, "covered_branches": 0, "missing_branches": 0}, "missing_lines": [], "excluded_lines": [], "executed_branches": [], "missing_branches": []}, "StreamWriterText.__init__": {"executed_lines": [230, 231, 232, 233, 234], "summary": {"covered_lines": 5, "num_statements": 5, "percent_covered": 100.0, "percent_covered_display": "100.00", "missing_lines": 0, "excluded_lines": 0, "num_branches": 0, "num_partial_branches": 0, "covered_branches": 0, "missing_branches": 0}, "missing_lines": [], "excluded_lines": [], "executed_branches": [], "missing_branches": []}, "StreamWriterText._write_header": {"executed_lines": [242, 243, 244], "summary": {"covered_lines": 3, "num_statements": 3, "percent_covered": 100.0, "percent_covered_display": "100.00", "missing_lines": 0, "excluded_lines": 0, "num_branches": 2, "num_partial_branches": 0, "covered_branches": 2, "missing_branches": 0}, "missing_lines": [], "excluded_lines": [], "executed_branches": [[242, -240], [242, 243]], "missing_branches": []}, "StreamWriterText._write_rule": {"executed_lines": [253, 257, 260, 261, 264, 265], "summary": {"covered_lines": 6, "num_statements": 7, "percent_covered": 81.81818181818181, "percent_covered_display": "81.82", "missing_lines": 1, "excluded_lines": 0, "num_branches": 4, "num_partial_branches": 1, "covered_branches": 3, "missing_branches": 1}, "missing_lines": [254], "excluded_lines": [], "executed_branches": [[253, 257], [264, -246], [264, 265]], "missing_branches": [[253, 254]]}, "StreamWriterText._write_footer": {"executed_lines": [269, 270, 271], "summary": {"covered_lines": 3, "num_statements": 3, "percent_covered": 100.0, "percent_covered_display": "100.00", "missing_lines": 0, "excluded_lines": 0, "num_branches": 2, "num_partial_branches": 0, "covered_branches": 2, "missing_branches": 0}, "missing_lines": [], "excluded_lines": [], "executed_branches": [[269, -267], [269, 270]], "missing_branches": []}, "StreamWriterJSON.__init__": {"executed_lines": [317, 318, 319], "summary": {"covered_lines": 3, "num_statements": 3, "percent_covered": 100.0, "percent_covered_display": "100.00", "missing_lines": 0, "excluded_lines": 0, "num_branches": 0, "num_partial_branches": 0, "covered_branches": 0, "missing_branches": 0}, "missing_lines": [], "excluded_lines": [], "executed_branches": [], "missing_branches": []}, "StreamWriterJSON._write_header": {"executed_lines": [323, 324, 325], "summary": {"covered_lines": 3, "num_statements": 3, "percent_covered": 80.0, "percent_covered_display": "80.00", "missing_lines": 0, "excluded_lines": 0, "num_branches": 2, "num_partial_branches": 1, "covered_branches": 1, "missing_branches": 1}, "missing_lines": [], "excluded_lines": [], "executed_branches": [[323, 324]], "missing_branches": [[323, -321]]}, "StreamWriterJSON._write_rule": {"executed_lines": [334, 338, 339, 341, 344, 347, 349, 350, 353, 355, 358, 359], "summary": {"covered_lines": 12, "num_statements": 13, "percent_covered": 90.47619047619048, "percent_covered_display": "90.48", "missing_lines": 1, "excluded_lines": 0, "num_branches": 8, "num_partial_branches": 1, "covered_branches": 7, "missing_branches": 1}, "missing_lines": [335], "excluded_lines": [], "executed_branches": [[334, 338], [338, 339], [338, 341], [347, 349], [347, 355], [358, -327], [358, 359]], "missing_branches": [[334, 335]]}, "StreamWriterJSON._write_footer": {"executed_lines": [363, 364], "summary": {"covered_lines": 2, "num_statements": 2, "percent_covered": 75.0, "percent_covered_display": "75.00", "missing_lines": 0, "excluded_lines": 0, "num_branches": 2, "num_partial_branches": 1, "covered_branches": 1, "missing_branches": 1}, "missing_lines": [], "excluded_lines": [], "executed_branches": [[363, 364]], "missing_branches": [[363, -361]]}, "stream_write_text": {"executed_lines": [], "summary": {"covered_lines": 0, "num_statements": 2, "percent_covered": 0.0, "percent_covered_display": "0.00", "missing_lines": 2, "excluded_lines": 0, "num_branches": 0, "num_partial_branches": 0, "covered_branches": 0, "missing_branches": 0}, "missing_lines": [394, 395], "excluded_lines": [], "executed_branches": [], "missing_branches": []}, "stream_write_json": {"executed_lines": [], "summary": {"covered_lines": 0, "num_statements": 2, "percent_covered": 0.0, "percent_covered_display": "0.00", "missing_lines": 2, "excluded_lines": 0, "num_branches": 0, "num_partial_branches": 0, "covered_branches": 0, "missing_branches": 0}, "missing_lines": [420, 421], "excluded_lines": [], "executed_branches": [], "missing_branches": []}, "": {"executed_lines": [1, 11, 13, 14, 15, 16, 17, 18, 19, 21, 22, 23, 24, 26, 34, 35, 51, 64, 65, 69, 70, 74, 75, 79, 87, 94, 114, 130, 131, 135, 136, 159, 160, 189, 190, 212, 240, 246, 267, 279, 280, 303, 321, 327, 361, 372, 373, 398, 399], "summary": {"covered_lines": 39, "num_statements": 39, "percent_covered": 100.0, "percent_covered_display": "100.00", "missing_lines": 0, "excluded_lines": 6, "num_branches": 0, "num_partial_branches": 0, "covered_branches": 0, "missing_branches": 0}, "missing_lines": [], "excluded_lines": [64, 65, 69, 70, 74, 75], "executed_branches": [], "missing_branches": []}}, "classes": {"StreamWriter": {"executed_lines": [59, 60, 61, 62, 81, 82, 83, 84, 85, 89, 90, 91, 92, 105, 106, 108, 109, 110, 124, 125, 126, 127, 128, 133, 157, 181], "summary": {"covered_lines": 26, "num_statements": 28, "percent_covered": 91.17647058823529, "percent_covered_display": "91.18", "missing_lines": 2, "excluded_lines": 6, "num_branches": 6, "num_partial_branches": 1, "covered_branches": 5, "missing_branches": 1}, "missing_lines": [111, 112], "excluded_lines": [66, 67, 71, 72, 76, 77], "executed_branches": [[89, 90], [105, 106], [105, 108], [125, 126], [125, 128]], "missing_branches": [[89, -87]]}, "StreamWriterText": {"executed_lines": [230, 231, 232, 233, 234, 242, 243, 244, 253, 257, 260, 261, 264, 265, 269, 270, 271], "summary": {"covered_lines": 17, "num_statements": 18, "percent_covered": 92.3076923076923, "percent_covered_display": "92.31", "missing_lines": 1, "excluded_lines": 0, "num_branches": 8, "num_partial_branches": 1, "covered_branches": 7, "missing_branches": 1}, "missing_lines": [254], "excluded_lines": [], "executed_branches": [[242, -240], [242, 243], [253, 257], [264, -246], [264, 265], [269, -267], [269, 270]], "missing_branches": [[253, 254]]}, "StreamWriterJSON": {"executed_lines": [317, 318, 319, 323, 324, 325, 334, 338, 339, 341, 344, 347, 349, 350, 353, 355, 358, 359, 363, 364], "summary": {"covered_lines": 20, "num_statements": 21, "percent_covered": 87.87878787878788, "percent_covered_display": "87.88", "missing_lines": 1, "excluded_lines": 0, "num_branches": 12, "num_partial_branches": 3, "covered_branches": 9, "missing_branches": 3}, "missing_lines": [335], "excluded_lines": [], "executed_branches": [[323, 324], [334, 338], [338, 339], [338, 341], [347, 349], [347, 355], [358, -327], [358, 359], [363, 364]], "missing_branches": [[323, -321], [334, 335], [363, -361]]}, "": {"executed_lines": [1, 11, 13, 14, 15, 16, 17, 18, 19, 21, 22, 23, 24, 26, 34, 35, 51, 64, 65, 69, 70, 74, 75, 79, 87, 94, 114, 130, 131, 135, 136, 159, 160, 189, 190, 212, 240, 246, 267, 279, 280, 303, 321, 327, 361, 372, 373, 398, 399], "summary": {"covered_lines": 39, "num_statements": 43, "percent_covered": 90.69767441860465, "percent_covered_display": "90.70", "missing_lines": 4, "excluded_lines": 6, "num_branches": 0, "num_partial_branches": 0, "covered_branches": 0, "missing_branches": 0}, "missing_lines": [394, 395, 420, 421], "excluded_lines": [64, 65, 69, 70, 74, 75], "executed_branches": [], "missing_branches": []}}}, "src/surinort_ast/version.py": {"executed_lines": [1, 8, 9, 11, 12, 13], "summary": {"covered_lines": 5, "num_statements": 5, "percent_covered": 100.0, "percent_covered_display": "100.00", "missing_lines": 0, "excluded_lines": 0, "num_branches": 0, "num_partial_branches": 0, "covered_branches": 0, "missing_branches": 0}, "missing_lines": [], "excluded_lines": [], "executed_branches": [], "missing_branches": [], "functions": {"": {"executed_lines": [1, 8, 9, 11, 12, 13], "summary": {"covered_lines": 5, "num_statements": 5, "percent_covered": 100.0, "percent_covered_display": "100.00", "missing_lines": 0, "excluded_lines": 0, "num_branches": 0, "num_partial_branches": 0, "covered_branches": 0, "missing_branches": 0}, "missing_lines": [], "excluded_lines": [], "executed_branches": [], "missing_branches": []}}, "classes": {"": {"executed_lines": [1, 8, 9, 11, 12, 13], "summary": {"covered_lines": 5, "num_statements": 5, "percent_covered": 100.0, "percent_covered_display": "100.00", "missing_lines": 0, "excluded_lines": 0, "num_branches": 0, "num_partial_branches": 0, "covered_branches": 0, "missing_branches": 0}, "missing_lines": [], "excluded_lines": [], "executed_branches": [], "missing_branches": []}}}}, "totals": {"covered_lines": 4616, "num_statements": 5534, "percent_covered": 81.36876893417791, "percent_covered_display": "81.37", "missing_lines": 918, "excluded_lines": 169, "num_branches": 1728, "num_partial_branches": 251, "covered_branches": 1293, "missing_branches": 435}}
